[2023-08-16T11:50:28.949+0000] {manager.py:487} INFO - Processing files using up to 2 processes at a time 
[2023-08-16T11:50:28.964+0000] {manager.py:488} INFO - Process each file at most once every 30 seconds
[2023-08-16T11:50:28.967+0000] {manager.py:489} INFO - Checking for new files in /opt/airflow/dags every 300 seconds
[2023-08-16T11:50:28.986+0000] {manager.py:758} INFO - Searching for files in /opt/airflow/dags
[2023-08-16T11:50:29.410+0000] {manager.py:761} INFO - There are 46 files in /opt/airflow/dags
[2023-08-16T11:50:31.213+0000] {manager.py:889} INFO - 
================================================================================
DAG File Processing Stats

File Path                                                                                                                            PID  Runtime      # DAGs    # Errors  Last Runtime    Last Run
---------------------------------------------------------------------------------------------------------------------------------  -----  ---------  --------  ----------  --------------  ----------
/home/airflow/.local/lib/python3.10/site-packages/airflow/example_dags/example_local_kubernetes_executor.py                           61  0.74s             0           0
/home/airflow/.local/lib/python3.10/site-packages/airflow/example_dags/example_setup_teardown_taskflow.py                             62  0.70s             0           0
/home/airflow/.local/lib/python3.10/site-packages/airflow/example_dags/tutorial_taskflow_api.py                                                             0           0
/home/airflow/.local/lib/python3.10/site-packages/airflow/example_dags/example_time_delta_sensor_async.py                                                   0           0
/home/airflow/.local/lib/python3.10/site-packages/airflow/example_dags/example_nested_branch_dag.py                                                         0           0
/home/airflow/.local/lib/python3.10/site-packages/airflow/example_dags/example_branch_day_of_week_operator.py                                               0           0
/home/airflow/.local/lib/python3.10/site-packages/airflow/example_dags/example_dag_decorator.py                                                             0           0
/home/airflow/.local/lib/python3.10/site-packages/airflow/example_dags/example_dynamic_task_mapping_with_no_taskflow_operators.py                           0           0
/home/airflow/.local/lib/python3.10/site-packages/airflow/example_dags/example_kubernetes_executor.py                                                       0           0
/home/airflow/.local/lib/python3.10/site-packages/airflow/example_dags/example_passing_params_via_test_command.py                                           0           0
/home/airflow/.local/lib/python3.10/site-packages/airflow/example_dags/example_dynamic_task_mapping.py                                                      0           0
/home/airflow/.local/lib/python3.10/site-packages/airflow/example_dags/example_task_group.py                                                                0           0
/home/airflow/.local/lib/python3.10/site-packages/airflow/example_dags/example_python_operator.py                                                           0           0
/home/airflow/.local/lib/python3.10/site-packages/airflow/example_dags/example_trigger_target_dag.py                                                        0           0
/home/airflow/.local/lib/python3.10/site-packages/airflow/example_dags/tutorial.py                                                                          0           0
/home/airflow/.local/lib/python3.10/site-packages/airflow/example_dags/example_short_circuit_decorator.py                                                   0           0
/home/airflow/.local/lib/python3.10/site-packages/airflow/example_dags/example_params_trigger_ui.py                                                         0           0
/home/airflow/.local/lib/python3.10/site-packages/airflow/example_dags/example_branch_operator_decorator.py                                                 0           0
/home/airflow/.local/lib/python3.10/site-packages/airflow/example_dags/example_subdag_operator.py                                                           0           0
/home/airflow/.local/lib/python3.10/site-packages/airflow/example_dags/example_short_circuit_operator.py                                                    0           0
/home/airflow/.local/lib/python3.10/site-packages/airflow/example_dags/tutorial_dag.py                                                                      0           0
/home/airflow/.local/lib/python3.10/site-packages/airflow/example_dags/example_task_group_decorator.py                                                      0           0
/home/airflow/.local/lib/python3.10/site-packages/airflow/example_dags/example_setup_teardown.py                                                            0           0
/home/airflow/.local/lib/python3.10/site-packages/airflow/example_dags/example_branch_operator.py                                                           0           0
/home/airflow/.local/lib/python3.10/site-packages/airflow/example_dags/example_datasets.py                                                                  0           0
/home/airflow/.local/lib/python3.10/site-packages/airflow/example_dags/example_xcomargs.py                                                                  0           0
/home/airflow/.local/lib/python3.10/site-packages/airflow/example_dags/example_complex.py                                                                   0           0
/home/airflow/.local/lib/python3.10/site-packages/airflow/example_dags/example_sensors.py                                                                   0           0
/home/airflow/.local/lib/python3.10/site-packages/airflow/example_dags/example_bash_operator.py                                                             0           0
/home/airflow/.local/lib/python3.10/site-packages/airflow/example_dags/example_branch_datetime_operator.py                                                  0           0
/home/airflow/.local/lib/python3.10/site-packages/airflow/example_dags/example_sla_dag.py                                                                   0           0
/home/airflow/.local/lib/python3.10/site-packages/airflow/example_dags/example_params_ui_tutorial.py                                                        0           0
/home/airflow/.local/lib/python3.10/site-packages/airflow/example_dags/example_trigger_controller_dag.py                                                    0           0
/home/airflow/.local/lib/python3.10/site-packages/airflow/example_dags/tutorial_taskflow_api_virtualenv.py                                                  0           0
/home/airflow/.local/lib/python3.10/site-packages/airflow/example_dags/example_branch_labels.py                                                             0           0
/home/airflow/.local/lib/python3.10/site-packages/airflow/example_dags/example_skip_dag.py                                                                  0           0
/home/airflow/.local/lib/python3.10/site-packages/airflow/example_dags/example_latest_only_with_trigger.py                                                  0           0
/home/airflow/.local/lib/python3.10/site-packages/airflow/example_dags/example_external_task_marker_dag.py                                                  0           0
/home/airflow/.local/lib/python3.10/site-packages/airflow/example_dags/example_branch_python_dop_operator_3.py                                              0           0
/home/airflow/.local/lib/python3.10/site-packages/airflow/example_dags/example_sensor_decorator.py                                                          0           0
/home/airflow/.local/lib/python3.10/site-packages/airflow/example_dags/example_latest_only.py                                                               0           0
/home/airflow/.local/lib/python3.10/site-packages/airflow/example_dags/example_xcom.py                                                                      0           0
/home/airflow/.local/lib/python3.10/site-packages/airflow/example_dags/subdags/subdag.py                                                                    0           0
/home/airflow/.local/lib/python3.10/site-packages/airflow/example_dags/plugins/listener_plugin.py                                                           0           0
/home/airflow/.local/lib/python3.10/site-packages/airflow/example_dags/plugins/event_listener.py                                                            0           0
/home/airflow/.local/lib/python3.10/site-packages/airflow/example_dags/plugins/workday.py                                                                   0           0
================================================================================
[2023-08-16T11:51:01.752+0000] {manager.py:889} INFO - 
================================================================================
DAG File Processing Stats

File Path                                                                                                                            PID  Runtime      # DAGs    # Errors  Last Runtime    Last Run
---------------------------------------------------------------------------------------------------------------------------------  -----  ---------  --------  ----------  --------------  -------------------
/home/airflow/.local/lib/python3.10/site-packages/airflow/example_dags/example_setup_teardown_taskflow.py                                                   0           0  1.44s           2023-08-16T11:50:31
/home/airflow/.local/lib/python3.10/site-packages/airflow/example_dags/example_kubernetes_executor.py                                 82  4.81s             0           0
/home/airflow/.local/lib/python3.10/site-packages/airflow/example_dags/example_passing_params_via_test_command.py                     83  0.04s             0           0
/home/airflow/.local/lib/python3.10/site-packages/airflow/example_dags/example_dynamic_task_mapping.py                                                      0           0
/home/airflow/.local/lib/python3.10/site-packages/airflow/example_dags/example_task_group.py                                                                0           0
/home/airflow/.local/lib/python3.10/site-packages/airflow/example_dags/example_python_operator.py                                                           0           0
/home/airflow/.local/lib/python3.10/site-packages/airflow/example_dags/example_trigger_target_dag.py                                                        0           0
/home/airflow/.local/lib/python3.10/site-packages/airflow/example_dags/tutorial.py                                                                          0           0
/home/airflow/.local/lib/python3.10/site-packages/airflow/example_dags/example_short_circuit_decorator.py                                                   0           0
/home/airflow/.local/lib/python3.10/site-packages/airflow/example_dags/example_params_trigger_ui.py                                                         0           0
/home/airflow/.local/lib/python3.10/site-packages/airflow/example_dags/example_branch_operator_decorator.py                                                 0           0
/home/airflow/.local/lib/python3.10/site-packages/airflow/example_dags/example_subdag_operator.py                                                           0           0
/home/airflow/.local/lib/python3.10/site-packages/airflow/example_dags/example_short_circuit_operator.py                                                    0           0
/home/airflow/.local/lib/python3.10/site-packages/airflow/example_dags/tutorial_dag.py                                                                      0           0
/home/airflow/.local/lib/python3.10/site-packages/airflow/example_dags/example_task_group_decorator.py                                                      0           0
/home/airflow/.local/lib/python3.10/site-packages/airflow/example_dags/example_setup_teardown.py                                                            0           0
/home/airflow/.local/lib/python3.10/site-packages/airflow/example_dags/example_branch_operator.py                                                           0           0
/home/airflow/.local/lib/python3.10/site-packages/airflow/example_dags/example_datasets.py                                                                  0           0
/home/airflow/.local/lib/python3.10/site-packages/airflow/example_dags/example_xcomargs.py                                                                  0           0
/home/airflow/.local/lib/python3.10/site-packages/airflow/example_dags/example_complex.py                                                                   0           0
/home/airflow/.local/lib/python3.10/site-packages/airflow/example_dags/example_sensors.py                                                                   0           0
/home/airflow/.local/lib/python3.10/site-packages/airflow/example_dags/example_bash_operator.py                                                             0           0
/home/airflow/.local/lib/python3.10/site-packages/airflow/example_dags/example_branch_datetime_operator.py                                                  0           0
/home/airflow/.local/lib/python3.10/site-packages/airflow/example_dags/example_sla_dag.py                                                                   0           0
/home/airflow/.local/lib/python3.10/site-packages/airflow/example_dags/example_params_ui_tutorial.py                                                        0           0
/home/airflow/.local/lib/python3.10/site-packages/airflow/example_dags/example_trigger_controller_dag.py                                                    0           0
/home/airflow/.local/lib/python3.10/site-packages/airflow/example_dags/tutorial_taskflow_api_virtualenv.py                                                  0           0
/home/airflow/.local/lib/python3.10/site-packages/airflow/example_dags/example_branch_labels.py                                                             0           0
/home/airflow/.local/lib/python3.10/site-packages/airflow/example_dags/example_skip_dag.py                                                                  0           0
/home/airflow/.local/lib/python3.10/site-packages/airflow/example_dags/example_latest_only_with_trigger.py                                                  0           0
/home/airflow/.local/lib/python3.10/site-packages/airflow/example_dags/example_external_task_marker_dag.py                                                  0           0
/home/airflow/.local/lib/python3.10/site-packages/airflow/example_dags/example_branch_python_dop_operator_3.py                                              0           0
/home/airflow/.local/lib/python3.10/site-packages/airflow/example_dags/example_sensor_decorator.py                                                          0           0
/home/airflow/.local/lib/python3.10/site-packages/airflow/example_dags/example_latest_only.py                                                               0           0
/home/airflow/.local/lib/python3.10/site-packages/airflow/example_dags/example_xcom.py                                                                      0           0
/home/airflow/.local/lib/python3.10/site-packages/airflow/example_dags/subdags/subdag.py                                                                    0           0
/home/airflow/.local/lib/python3.10/site-packages/airflow/example_dags/plugins/listener_plugin.py                                                           0           0
/home/airflow/.local/lib/python3.10/site-packages/airflow/example_dags/plugins/event_listener.py                                                            0           0
/home/airflow/.local/lib/python3.10/site-packages/airflow/example_dags/plugins/workday.py                                                                   0           0
/home/airflow/.local/lib/python3.10/site-packages/airflow/example_dags/example_local_kubernetes_executor.py                                                 1           0  31.30s          2023-08-16T11:51:01
/home/airflow/.local/lib/python3.10/site-packages/airflow/example_dags/tutorial_taskflow_api.py                                                             1           0  7.00s           2023-08-16T11:50:38
/home/airflow/.local/lib/python3.10/site-packages/airflow/example_dags/example_time_delta_sensor_async.py                                                   1           0  4.88s           2023-08-16T11:50:43
/home/airflow/.local/lib/python3.10/site-packages/airflow/example_dags/example_nested_branch_dag.py                                                         1           0  3.87s           2023-08-16T11:50:47
/home/airflow/.local/lib/python3.10/site-packages/airflow/example_dags/example_branch_day_of_week_operator.py                                               1           0  1.31s           2023-08-16T11:50:48
/home/airflow/.local/lib/python3.10/site-packages/airflow/example_dags/example_dag_decorator.py                                                             1           0  3.29s           2023-08-16T11:50:52
/home/airflow/.local/lib/python3.10/site-packages/airflow/example_dags/example_dynamic_task_mapping_with_no_taskflow_operators.py                           1           0  4.48s           2023-08-16T11:50:56
================================================================================
[2023-08-16T11:51:31.972+0000] {manager.py:889} INFO - 
================================================================================
DAG File Processing Stats

File Path                                                                                                                            PID  Runtime      # DAGs    # Errors  Last Runtime    Last Run
---------------------------------------------------------------------------------------------------------------------------------  -----  ---------  --------  ----------  --------------  -------------------
/home/airflow/.local/lib/python3.10/site-packages/airflow/example_dags/example_setup_teardown_taskflow.py                                                   0           0  1.44s           2023-08-16T11:50:31
/home/airflow/.local/lib/python3.10/site-packages/airflow/example_dags/example_task_group_decorator.py                               102  2.56s             0           0
/home/airflow/.local/lib/python3.10/site-packages/airflow/example_dags/example_setup_teardown.py                                     103  0.03s             0           0
/home/airflow/.local/lib/python3.10/site-packages/airflow/example_dags/example_branch_operator.py                                                           0           0
/home/airflow/.local/lib/python3.10/site-packages/airflow/example_dags/example_datasets.py                                                                  0           0
/home/airflow/.local/lib/python3.10/site-packages/airflow/example_dags/example_xcomargs.py                                                                  0           0
/home/airflow/.local/lib/python3.10/site-packages/airflow/example_dags/example_complex.py                                                                   0           0
/home/airflow/.local/lib/python3.10/site-packages/airflow/example_dags/example_sensors.py                                                                   0           0
/home/airflow/.local/lib/python3.10/site-packages/airflow/example_dags/example_bash_operator.py                                                             0           0
/home/airflow/.local/lib/python3.10/site-packages/airflow/example_dags/example_branch_datetime_operator.py                                                  0           0
/home/airflow/.local/lib/python3.10/site-packages/airflow/example_dags/example_sla_dag.py                                                                   0           0
/home/airflow/.local/lib/python3.10/site-packages/airflow/example_dags/example_params_ui_tutorial.py                                                        0           0
/home/airflow/.local/lib/python3.10/site-packages/airflow/example_dags/example_trigger_controller_dag.py                                                    0           0
/home/airflow/.local/lib/python3.10/site-packages/airflow/example_dags/tutorial_taskflow_api_virtualenv.py                                                  0           0
/home/airflow/.local/lib/python3.10/site-packages/airflow/example_dags/example_branch_labels.py                                                             0           0
/home/airflow/.local/lib/python3.10/site-packages/airflow/example_dags/example_skip_dag.py                                                                  0           0
/home/airflow/.local/lib/python3.10/site-packages/airflow/example_dags/example_latest_only_with_trigger.py                                                  0           0
/home/airflow/.local/lib/python3.10/site-packages/airflow/example_dags/example_external_task_marker_dag.py                                                  0           0
/home/airflow/.local/lib/python3.10/site-packages/airflow/example_dags/example_branch_python_dop_operator_3.py                                              0           0
/home/airflow/.local/lib/python3.10/site-packages/airflow/example_dags/example_sensor_decorator.py                                                          0           0
/home/airflow/.local/lib/python3.10/site-packages/airflow/example_dags/example_latest_only.py                                                               0           0
/home/airflow/.local/lib/python3.10/site-packages/airflow/example_dags/example_xcom.py                                                                      0           0
/home/airflow/.local/lib/python3.10/site-packages/airflow/example_dags/subdags/subdag.py                                                                    0           0
/home/airflow/.local/lib/python3.10/site-packages/airflow/example_dags/plugins/listener_plugin.py                                                           0           0
/home/airflow/.local/lib/python3.10/site-packages/airflow/example_dags/plugins/event_listener.py                                                            0           0
/home/airflow/.local/lib/python3.10/site-packages/airflow/example_dags/plugins/workday.py                                                                   0           0
/home/airflow/.local/lib/python3.10/site-packages/airflow/example_dags/example_local_kubernetes_executor.py                                                 1           0  31.30s          2023-08-16T11:51:01
/home/airflow/.local/lib/python3.10/site-packages/airflow/example_dags/tutorial_taskflow_api.py                                                             1           0  7.00s           2023-08-16T11:50:38
/home/airflow/.local/lib/python3.10/site-packages/airflow/example_dags/example_time_delta_sensor_async.py                                                   1           0  4.88s           2023-08-16T11:50:43
/home/airflow/.local/lib/python3.10/site-packages/airflow/example_dags/example_nested_branch_dag.py                                                         1           0  3.87s           2023-08-16T11:50:47
/home/airflow/.local/lib/python3.10/site-packages/airflow/example_dags/example_branch_day_of_week_operator.py                                               1           0  1.31s           2023-08-16T11:50:48
/home/airflow/.local/lib/python3.10/site-packages/airflow/example_dags/example_dag_decorator.py                                                             1           0  3.29s           2023-08-16T11:50:52
/home/airflow/.local/lib/python3.10/site-packages/airflow/example_dags/example_dynamic_task_mapping_with_no_taskflow_operators.py                           1           0  4.48s           2023-08-16T11:50:56
/home/airflow/.local/lib/python3.10/site-packages/airflow/example_dags/example_kubernetes_executor.py                                                       1           0  15.42s          2023-08-16T11:51:12
/home/airflow/.local/lib/python3.10/site-packages/airflow/example_dags/example_passing_params_via_test_command.py                                           1           0  3.70s           2023-08-16T11:51:05
/home/airflow/.local/lib/python3.10/site-packages/airflow/example_dags/example_dynamic_task_mapping.py                                                      1           0  3.38s           2023-08-16T11:51:08
/home/airflow/.local/lib/python3.10/site-packages/airflow/example_dags/example_task_group.py                                                                1           0  3.45s           2023-08-16T11:51:12
/home/airflow/.local/lib/python3.10/site-packages/airflow/example_dags/example_python_operator.py                                                           1           0  4.66s           2023-08-16T11:51:16
/home/airflow/.local/lib/python3.10/site-packages/airflow/example_dags/example_trigger_target_dag.py                                                        1           0  4.41s           2023-08-16T11:51:16
/home/airflow/.local/lib/python3.10/site-packages/airflow/example_dags/tutorial.py                                                                          1           0  4.04s           2023-08-16T11:51:20
/home/airflow/.local/lib/python3.10/site-packages/airflow/example_dags/example_short_circuit_decorator.py                                                   1           0  4.30s           2023-08-16T11:51:21
/home/airflow/.local/lib/python3.10/site-packages/airflow/example_dags/example_params_trigger_ui.py                                                         1           0  6.40s           2023-08-16T11:51:27
/home/airflow/.local/lib/python3.10/site-packages/airflow/example_dags/example_branch_operator_decorator.py                                                 1           0  4.66s           2023-08-16T11:51:26
/home/airflow/.local/lib/python3.10/site-packages/airflow/example_dags/example_short_circuit_operator.py                                                    1           0  1.87s           2023-08-16T11:51:29
/home/airflow/.local/lib/python3.10/site-packages/airflow/example_dags/tutorial_dag.py                                                                      1           0  2.76s           2023-08-16T11:51:31
/home/airflow/.local/lib/python3.10/site-packages/airflow/example_dags/example_subdag_operator.py                                                           3           0  2.00s           2023-08-16T11:51:29
================================================================================
[2023-08-16T11:52:03.248+0000] {manager.py:889} INFO - 
================================================================================
DAG File Processing Stats

File Path                                                                                                                            PID  Runtime      # DAGs    # Errors  Last Runtime    Last Run
---------------------------------------------------------------------------------------------------------------------------------  -----  ---------  --------  ----------  --------------  -------------------
/home/airflow/.local/lib/python3.10/site-packages/airflow/example_dags/example_setup_teardown_taskflow.py                                                   0           0  1.44s           2023-08-16T11:50:31
/home/airflow/.local/lib/python3.10/site-packages/airflow/example_dags/example_setup_teardown.py                                                            0           0  0.53s           2023-08-16T11:51:32
/home/airflow/.local/lib/python3.10/site-packages/airflow/example_dags/example_bash_operator.py                                      116  11.59s            0           0
/home/airflow/.local/lib/python3.10/site-packages/airflow/example_dags/example_branch_datetime_operator.py                           117  10.58s            0           0
/home/airflow/.local/lib/python3.10/site-packages/airflow/example_dags/example_sla_dag.py                                                                   0           0
/home/airflow/.local/lib/python3.10/site-packages/airflow/example_dags/example_params_ui_tutorial.py                                                        0           0
/home/airflow/.local/lib/python3.10/site-packages/airflow/example_dags/example_trigger_controller_dag.py                                                    0           0
/home/airflow/.local/lib/python3.10/site-packages/airflow/example_dags/tutorial_taskflow_api_virtualenv.py                                                  0           0
/home/airflow/.local/lib/python3.10/site-packages/airflow/example_dags/example_branch_labels.py                                                             0           0
/home/airflow/.local/lib/python3.10/site-packages/airflow/example_dags/example_skip_dag.py                                                                  0           0
/home/airflow/.local/lib/python3.10/site-packages/airflow/example_dags/example_latest_only_with_trigger.py                                                  0           0
/home/airflow/.local/lib/python3.10/site-packages/airflow/example_dags/example_external_task_marker_dag.py                                                  0           0
/home/airflow/.local/lib/python3.10/site-packages/airflow/example_dags/example_branch_python_dop_operator_3.py                                              0           0
/home/airflow/.local/lib/python3.10/site-packages/airflow/example_dags/example_sensor_decorator.py                                                          0           0
/home/airflow/.local/lib/python3.10/site-packages/airflow/example_dags/example_latest_only.py                                                               0           0
/home/airflow/.local/lib/python3.10/site-packages/airflow/example_dags/example_xcom.py                                                                      0           0
/home/airflow/.local/lib/python3.10/site-packages/airflow/example_dags/subdags/subdag.py                                                                    0           0
/home/airflow/.local/lib/python3.10/site-packages/airflow/example_dags/plugins/listener_plugin.py                                                           0           0
/home/airflow/.local/lib/python3.10/site-packages/airflow/example_dags/plugins/event_listener.py                                                            0           0
/home/airflow/.local/lib/python3.10/site-packages/airflow/example_dags/plugins/workday.py                                                                   0           0
/home/airflow/.local/lib/python3.10/site-packages/airflow/example_dags/example_local_kubernetes_executor.py                                                 1           0  31.30s          2023-08-16T11:51:01
/home/airflow/.local/lib/python3.10/site-packages/airflow/example_dags/tutorial_taskflow_api.py                                                             1           0  7.00s           2023-08-16T11:50:38
/home/airflow/.local/lib/python3.10/site-packages/airflow/example_dags/example_time_delta_sensor_async.py                                                   1           0  4.88s           2023-08-16T11:50:43
/home/airflow/.local/lib/python3.10/site-packages/airflow/example_dags/example_nested_branch_dag.py                                                         1           0  3.87s           2023-08-16T11:50:47
/home/airflow/.local/lib/python3.10/site-packages/airflow/example_dags/example_branch_day_of_week_operator.py                                               1           0  1.31s           2023-08-16T11:50:48
/home/airflow/.local/lib/python3.10/site-packages/airflow/example_dags/example_dag_decorator.py                                                             1           0  3.29s           2023-08-16T11:50:52
/home/airflow/.local/lib/python3.10/site-packages/airflow/example_dags/example_dynamic_task_mapping_with_no_taskflow_operators.py                           1           0  4.48s           2023-08-16T11:50:56
/home/airflow/.local/lib/python3.10/site-packages/airflow/example_dags/example_kubernetes_executor.py                                                       1           0  15.42s          2023-08-16T11:51:12
/home/airflow/.local/lib/python3.10/site-packages/airflow/example_dags/example_passing_params_via_test_command.py                                           1           0  3.70s           2023-08-16T11:51:05
/home/airflow/.local/lib/python3.10/site-packages/airflow/example_dags/example_dynamic_task_mapping.py                                                      1           0  3.38s           2023-08-16T11:51:08
/home/airflow/.local/lib/python3.10/site-packages/airflow/example_dags/example_task_group.py                                                                1           0  3.45s           2023-08-16T11:51:12
/home/airflow/.local/lib/python3.10/site-packages/airflow/example_dags/example_python_operator.py                                                           1           0  4.66s           2023-08-16T11:51:16
/home/airflow/.local/lib/python3.10/site-packages/airflow/example_dags/example_trigger_target_dag.py                                                        1           0  4.41s           2023-08-16T11:51:16
/home/airflow/.local/lib/python3.10/site-packages/airflow/example_dags/tutorial.py                                                                          1           0  4.04s           2023-08-16T11:51:20
/home/airflow/.local/lib/python3.10/site-packages/airflow/example_dags/example_short_circuit_decorator.py                                                   1           0  4.30s           2023-08-16T11:51:21
/home/airflow/.local/lib/python3.10/site-packages/airflow/example_dags/example_params_trigger_ui.py                                                         1           0  6.40s           2023-08-16T11:51:27
/home/airflow/.local/lib/python3.10/site-packages/airflow/example_dags/example_branch_operator_decorator.py                                                 1           0  4.66s           2023-08-16T11:51:26
/home/airflow/.local/lib/python3.10/site-packages/airflow/example_dags/example_short_circuit_operator.py                                                    1           0  1.87s           2023-08-16T11:51:29
/home/airflow/.local/lib/python3.10/site-packages/airflow/example_dags/tutorial_dag.py                                                                      1           0  2.76s           2023-08-16T11:51:31
/home/airflow/.local/lib/python3.10/site-packages/airflow/example_dags/example_task_group_decorator.py                                                      1           0  2.93s           2023-08-16T11:51:32
/home/airflow/.local/lib/python3.10/site-packages/airflow/example_dags/example_branch_operator.py                                                           1           0  4.05s           2023-08-16T11:51:36
/home/airflow/.local/lib/python3.10/site-packages/airflow/example_dags/example_complex.py                                                                   1           0  8.11s           2023-08-16T11:51:51
/home/airflow/.local/lib/python3.10/site-packages/airflow/example_dags/example_sensors.py                                                                   1           0  6.96s           2023-08-16T11:51:50
/home/airflow/.local/lib/python3.10/site-packages/airflow/example_dags/example_xcomargs.py                                                                  2           0  7.39s           2023-08-16T11:51:43
/home/airflow/.local/lib/python3.10/site-packages/airflow/example_dags/example_subdag_operator.py                                                           3           0  2.00s           2023-08-16T11:51:29
/home/airflow/.local/lib/python3.10/site-packages/airflow/example_dags/example_datasets.py                                                                  6           0  10.23s          2023-08-16T11:51:43
================================================================================
[2023-08-16T11:53:04.917+0000] {manager.py:1206} ERROR - Processor for /home/airflow/.local/lib/python3.10/site-packages/airflow/example_dags/example_bash_operator.py with PID 116 started at 2023-08-16T11:51:51.302006+00:00 has timed out, killing it.
[2023-08-16T11:57:13.480+0000] {manager.py:1206} ERROR - Processor for /home/airflow/.local/lib/python3.10/site-packages/airflow/example_dags/example_branch_datetime_operator.py with PID 117 started at 2023-08-16T11:51:52.316934+00:00 has timed out, killing it.
[2023-08-16T11:57:15.479+0000] {manager.py:889} INFO - 
================================================================================
DAG File Processing Stats

File Path                                                                                                                            PID  Runtime      # DAGs    # Errors  Last Runtime    Last Run
---------------------------------------------------------------------------------------------------------------------------------  -----  ---------  --------  ----------  --------------  -------------------
/home/airflow/.local/lib/python3.10/site-packages/airflow/example_dags/example_setup_teardown_taskflow.py                                                   0           0  1.44s           2023-08-16T11:50:31
/home/airflow/.local/lib/python3.10/site-packages/airflow/example_dags/example_setup_teardown.py                                                            0           0  0.53s           2023-08-16T11:51:32
/home/airflow/.local/lib/python3.10/site-packages/airflow/example_dags/example_bash_operator.py                                                             0           1  73.20s          2023-08-16T11:53:04
/home/airflow/.local/lib/python3.10/site-packages/airflow/example_dags/example_branch_datetime_operator.py                                                  0           1  72.18s          2023-08-16T11:53:04
/home/airflow/.local/lib/python3.10/site-packages/airflow/example_dags/example_sla_dag.py                                            125  0.30s             0           0
/home/airflow/.local/lib/python3.10/site-packages/airflow/example_dags/example_params_ui_tutorial.py                                 126  0.04s             0           0
/home/airflow/.local/lib/python3.10/site-packages/airflow/example_dags/example_trigger_controller_dag.py                                                    0           0
/home/airflow/.local/lib/python3.10/site-packages/airflow/example_dags/tutorial_taskflow_api_virtualenv.py                                                  0           0
/home/airflow/.local/lib/python3.10/site-packages/airflow/example_dags/example_branch_labels.py                                                             0           0
/home/airflow/.local/lib/python3.10/site-packages/airflow/example_dags/example_skip_dag.py                                                                  0           0
/home/airflow/.local/lib/python3.10/site-packages/airflow/example_dags/example_latest_only_with_trigger.py                                                  0           0
/home/airflow/.local/lib/python3.10/site-packages/airflow/example_dags/example_external_task_marker_dag.py                                                  0           0
/home/airflow/.local/lib/python3.10/site-packages/airflow/example_dags/example_branch_python_dop_operator_3.py                                              0           0
/home/airflow/.local/lib/python3.10/site-packages/airflow/example_dags/example_sensor_decorator.py                                                          0           0
/home/airflow/.local/lib/python3.10/site-packages/airflow/example_dags/example_latest_only.py                                                               0           0
/home/airflow/.local/lib/python3.10/site-packages/airflow/example_dags/example_xcom.py                                                                      0           0
/home/airflow/.local/lib/python3.10/site-packages/airflow/example_dags/subdags/subdag.py                                                                    0           0
/home/airflow/.local/lib/python3.10/site-packages/airflow/example_dags/plugins/listener_plugin.py                                                           0           0
/home/airflow/.local/lib/python3.10/site-packages/airflow/example_dags/plugins/event_listener.py                                                            0           0
/home/airflow/.local/lib/python3.10/site-packages/airflow/example_dags/plugins/workday.py                                                                   0           0
/home/airflow/.local/lib/python3.10/site-packages/airflow/example_dags/example_local_kubernetes_executor.py                                                 1           0  31.30s          2023-08-16T11:51:01
/home/airflow/.local/lib/python3.10/site-packages/airflow/example_dags/tutorial_taskflow_api.py                                                             1           0  7.00s           2023-08-16T11:50:38
/home/airflow/.local/lib/python3.10/site-packages/airflow/example_dags/example_time_delta_sensor_async.py                                                   1           0  4.88s           2023-08-16T11:50:43
/home/airflow/.local/lib/python3.10/site-packages/airflow/example_dags/example_nested_branch_dag.py                                                         1           0  3.87s           2023-08-16T11:50:47
/home/airflow/.local/lib/python3.10/site-packages/airflow/example_dags/example_branch_day_of_week_operator.py                                               1           0  1.31s           2023-08-16T11:50:48
/home/airflow/.local/lib/python3.10/site-packages/airflow/example_dags/example_dag_decorator.py                                                             1           0  3.29s           2023-08-16T11:50:52
/home/airflow/.local/lib/python3.10/site-packages/airflow/example_dags/example_dynamic_task_mapping_with_no_taskflow_operators.py                           1           0  4.48s           2023-08-16T11:50:56
/home/airflow/.local/lib/python3.10/site-packages/airflow/example_dags/example_kubernetes_executor.py                                                       1           0  15.42s          2023-08-16T11:51:12
/home/airflow/.local/lib/python3.10/site-packages/airflow/example_dags/example_passing_params_via_test_command.py                                           1           0  3.70s           2023-08-16T11:51:05
/home/airflow/.local/lib/python3.10/site-packages/airflow/example_dags/example_dynamic_task_mapping.py                                                      1           0  3.38s           2023-08-16T11:51:08
/home/airflow/.local/lib/python3.10/site-packages/airflow/example_dags/example_task_group.py                                                                1           0  3.45s           2023-08-16T11:51:12
/home/airflow/.local/lib/python3.10/site-packages/airflow/example_dags/example_python_operator.py                                                           1           0  4.66s           2023-08-16T11:51:16
/home/airflow/.local/lib/python3.10/site-packages/airflow/example_dags/example_trigger_target_dag.py                                                        1           0  4.41s           2023-08-16T11:51:16
/home/airflow/.local/lib/python3.10/site-packages/airflow/example_dags/tutorial.py                                                                          1           0  4.04s           2023-08-16T11:51:20
/home/airflow/.local/lib/python3.10/site-packages/airflow/example_dags/example_short_circuit_decorator.py                                                   1           0  4.30s           2023-08-16T11:51:21
/home/airflow/.local/lib/python3.10/site-packages/airflow/example_dags/example_params_trigger_ui.py                                                         1           0  6.40s           2023-08-16T11:51:27
/home/airflow/.local/lib/python3.10/site-packages/airflow/example_dags/example_branch_operator_decorator.py                                                 1           0  4.66s           2023-08-16T11:51:26
/home/airflow/.local/lib/python3.10/site-packages/airflow/example_dags/example_short_circuit_operator.py                                                    1           0  1.87s           2023-08-16T11:51:29
/home/airflow/.local/lib/python3.10/site-packages/airflow/example_dags/tutorial_dag.py                                                                      1           0  2.76s           2023-08-16T11:51:31
/home/airflow/.local/lib/python3.10/site-packages/airflow/example_dags/example_task_group_decorator.py                                                      1           0  2.93s           2023-08-16T11:51:32
/home/airflow/.local/lib/python3.10/site-packages/airflow/example_dags/example_branch_operator.py                                                           1           0  4.05s           2023-08-16T11:51:36
/home/airflow/.local/lib/python3.10/site-packages/airflow/example_dags/example_complex.py                                                                   1           0  8.11s           2023-08-16T11:51:51
/home/airflow/.local/lib/python3.10/site-packages/airflow/example_dags/example_sensors.py                                                                   1           0  6.96s           2023-08-16T11:51:50
/home/airflow/.local/lib/python3.10/site-packages/airflow/example_dags/example_xcomargs.py                                                                  2           0  7.39s           2023-08-16T11:51:43
/home/airflow/.local/lib/python3.10/site-packages/airflow/example_dags/example_subdag_operator.py                                                           3           0  2.00s           2023-08-16T11:51:29
/home/airflow/.local/lib/python3.10/site-packages/airflow/example_dags/example_datasets.py                                                                  6           0  10.23s          2023-08-16T11:51:43
================================================================================
[2023-08-16T11:57:18.524+0000] {manager.py:758} INFO - Searching for files in /opt/airflow/dags
[2023-08-16T11:57:20.363+0000] {manager.py:761} INFO - There are 46 files in /opt/airflow/dags
[2023-08-16T11:57:48.426+0000] {manager.py:889} INFO - 
================================================================================
DAG File Processing Stats

File Path                                                                                                                            PID  Runtime      # DAGs    # Errors  Last Runtime    Last Run
---------------------------------------------------------------------------------------------------------------------------------  -----  ---------  --------  ----------  --------------  -------------------
/home/airflow/.local/lib/python3.10/site-packages/airflow/example_dags/example_setup_teardown_taskflow.py                                                   0           0  1.44s           2023-08-16T11:50:31
/home/airflow/.local/lib/python3.10/site-packages/airflow/example_dags/example_setup_teardown.py                                                            0           0  0.53s           2023-08-16T11:51:32
/home/airflow/.local/lib/python3.10/site-packages/airflow/example_dags/example_bash_operator.py                                                             0           1  73.20s          2023-08-16T11:53:04
/home/airflow/.local/lib/python3.10/site-packages/airflow/example_dags/example_branch_datetime_operator.py                                                  0           1  72.18s          2023-08-16T11:53:04
/home/airflow/.local/lib/python3.10/site-packages/airflow/example_dags/example_latest_only.py                                        143  2.93s             0           0
/home/airflow/.local/lib/python3.10/site-packages/airflow/example_dags/example_xcom.py                                               144  2.13s             0           0
/home/airflow/.local/lib/python3.10/site-packages/airflow/example_dags/subdags/subdag.py                                                                    0           0
/home/airflow/.local/lib/python3.10/site-packages/airflow/example_dags/plugins/listener_plugin.py                                                           0           0
/home/airflow/.local/lib/python3.10/site-packages/airflow/example_dags/plugins/event_listener.py                                                            0           0
/home/airflow/.local/lib/python3.10/site-packages/airflow/example_dags/plugins/workday.py                                                                   0           0
/home/airflow/.local/lib/python3.10/site-packages/airflow/example_dags/example_local_kubernetes_executor.py                                                 1           0  31.30s          2023-08-16T11:51:01
/home/airflow/.local/lib/python3.10/site-packages/airflow/example_dags/tutorial_taskflow_api.py                                                             1           0  7.00s           2023-08-16T11:50:38
/home/airflow/.local/lib/python3.10/site-packages/airflow/example_dags/example_time_delta_sensor_async.py                                                   1           0  4.88s           2023-08-16T11:50:43
/home/airflow/.local/lib/python3.10/site-packages/airflow/example_dags/example_nested_branch_dag.py                                                         1           0  3.87s           2023-08-16T11:50:47
/home/airflow/.local/lib/python3.10/site-packages/airflow/example_dags/example_branch_day_of_week_operator.py                                               1           0  1.31s           2023-08-16T11:50:48
/home/airflow/.local/lib/python3.10/site-packages/airflow/example_dags/example_dag_decorator.py                                                             1           0  3.29s           2023-08-16T11:50:52
/home/airflow/.local/lib/python3.10/site-packages/airflow/example_dags/example_dynamic_task_mapping_with_no_taskflow_operators.py                           1           0  4.48s           2023-08-16T11:50:56
/home/airflow/.local/lib/python3.10/site-packages/airflow/example_dags/example_kubernetes_executor.py                                                       1           0  15.42s          2023-08-16T11:51:12
/home/airflow/.local/lib/python3.10/site-packages/airflow/example_dags/example_passing_params_via_test_command.py                                           1           0  3.70s           2023-08-16T11:51:05
/home/airflow/.local/lib/python3.10/site-packages/airflow/example_dags/example_dynamic_task_mapping.py                                                      1           0  3.38s           2023-08-16T11:51:08
/home/airflow/.local/lib/python3.10/site-packages/airflow/example_dags/example_task_group.py                                                                1           0  3.45s           2023-08-16T11:51:12
/home/airflow/.local/lib/python3.10/site-packages/airflow/example_dags/example_python_operator.py                                                           1           0  4.66s           2023-08-16T11:51:16
/home/airflow/.local/lib/python3.10/site-packages/airflow/example_dags/example_trigger_target_dag.py                                                        1           0  4.41s           2023-08-16T11:51:16
/home/airflow/.local/lib/python3.10/site-packages/airflow/example_dags/tutorial.py                                                                          1           0  4.04s           2023-08-16T11:51:20
/home/airflow/.local/lib/python3.10/site-packages/airflow/example_dags/example_short_circuit_decorator.py                                                   1           0  4.30s           2023-08-16T11:51:21
/home/airflow/.local/lib/python3.10/site-packages/airflow/example_dags/example_params_trigger_ui.py                                                         1           0  6.40s           2023-08-16T11:51:27
/home/airflow/.local/lib/python3.10/site-packages/airflow/example_dags/example_branch_operator_decorator.py                                                 1           0  4.66s           2023-08-16T11:51:26
/home/airflow/.local/lib/python3.10/site-packages/airflow/example_dags/example_short_circuit_operator.py                                                    1           0  1.87s           2023-08-16T11:51:29
/home/airflow/.local/lib/python3.10/site-packages/airflow/example_dags/tutorial_dag.py                                                                      1           0  2.76s           2023-08-16T11:51:31
/home/airflow/.local/lib/python3.10/site-packages/airflow/example_dags/example_task_group_decorator.py                                                      1           0  2.93s           2023-08-16T11:51:32
/home/airflow/.local/lib/python3.10/site-packages/airflow/example_dags/example_branch_operator.py                                                           1           0  4.05s           2023-08-16T11:51:36
/home/airflow/.local/lib/python3.10/site-packages/airflow/example_dags/example_complex.py                                                                   1           0  8.11s           2023-08-16T11:51:51
/home/airflow/.local/lib/python3.10/site-packages/airflow/example_dags/example_sensors.py                                                                   1           0  6.96s           2023-08-16T11:51:50
/home/airflow/.local/lib/python3.10/site-packages/airflow/example_dags/example_sla_dag.py                                                                   1           0  11.92s          2023-08-16T11:57:26
/home/airflow/.local/lib/python3.10/site-packages/airflow/example_dags/example_params_ui_tutorial.py                                                        1           0  11.31s          2023-08-16T11:57:26
/home/airflow/.local/lib/python3.10/site-packages/airflow/example_dags/example_trigger_controller_dag.py                                                    1           0  6.65s           2023-08-16T11:57:33
/home/airflow/.local/lib/python3.10/site-packages/airflow/example_dags/tutorial_taskflow_api_virtualenv.py                                                  1           0  6.21s           2023-08-16T11:57:33
/home/airflow/.local/lib/python3.10/site-packages/airflow/example_dags/example_branch_labels.py                                                             1           0  5.45s           2023-08-16T11:57:38
/home/airflow/.local/lib/python3.10/site-packages/airflow/example_dags/example_skip_dag.py                                                                  1           0  5.22s           2023-08-16T11:57:39
/home/airflow/.local/lib/python3.10/site-packages/airflow/example_dags/example_latest_only_with_trigger.py                                                  1           0  3.27s           2023-08-16T11:57:42
/home/airflow/.local/lib/python3.10/site-packages/airflow/example_dags/example_branch_python_dop_operator_3.py                                              1           0  2.99s           2023-08-16T11:57:45
/home/airflow/.local/lib/python3.10/site-packages/airflow/example_dags/example_sensor_decorator.py                                                          1           0  2.48s           2023-08-16T11:57:45
/home/airflow/.local/lib/python3.10/site-packages/airflow/example_dags/example_xcomargs.py                                                                  2           0  7.39s           2023-08-16T11:51:43
/home/airflow/.local/lib/python3.10/site-packages/airflow/example_dags/example_external_task_marker_dag.py                                                  2           0  4.29s           2023-08-16T11:57:43
/home/airflow/.local/lib/python3.10/site-packages/airflow/example_dags/example_subdag_operator.py                                                           3           0  2.00s           2023-08-16T11:51:29
/home/airflow/.local/lib/python3.10/site-packages/airflow/example_dags/example_datasets.py                                                                  6           0  10.23s          2023-08-16T11:51:43
================================================================================
[2023-08-16T11:58:19.076+0000] {manager.py:889} INFO - 
================================================================================
DAG File Processing Stats

File Path                                                                                                                            PID  Runtime      # DAGs    # Errors  Last Runtime    Last Run
---------------------------------------------------------------------------------------------------------------------------------  -----  ---------  --------  ----------  --------------  -------------------
/home/airflow/.local/lib/python3.10/site-packages/airflow/example_dags/example_setup_teardown_taskflow.py                                                   0           0  1.44s           2023-08-16T11:50:31
/home/airflow/.local/lib/python3.10/site-packages/airflow/example_dags/example_setup_teardown.py                                                            0           0  0.53s           2023-08-16T11:51:32
/home/airflow/.local/lib/python3.10/site-packages/airflow/example_dags/example_bash_operator.py                                                             0           1  73.20s          2023-08-16T11:53:04
/home/airflow/.local/lib/python3.10/site-packages/airflow/example_dags/example_branch_datetime_operator.py                                                  0           1  72.18s          2023-08-16T11:53:04
/home/airflow/.local/lib/python3.10/site-packages/airflow/example_dags/subdags/subdag.py                                                                    0           0  1.81s           2023-08-16T11:57:50
/home/airflow/.local/lib/python3.10/site-packages/airflow/example_dags/plugins/listener_plugin.py                                                           0           0  1.93s           2023-08-16T11:57:52
/home/airflow/.local/lib/python3.10/site-packages/airflow/example_dags/plugins/event_listener.py                                                            0           0  1.09s           2023-08-16T11:57:52
/home/airflow/.local/lib/python3.10/site-packages/airflow/example_dags/plugins/workday.py                                            155  26.73s            0           0
/home/airflow/.local/lib/python3.10/site-packages/airflow/example_dags/example_local_kubernetes_executor.py                          156  25.93s            1           0  31.30s          2023-08-16T11:51:01
/home/airflow/.local/lib/python3.10/site-packages/airflow/example_dags/tutorial_taskflow_api.py                                                             1           0  7.00s           2023-08-16T11:50:38
/home/airflow/.local/lib/python3.10/site-packages/airflow/example_dags/example_time_delta_sensor_async.py                                                   1           0  4.88s           2023-08-16T11:50:43
/home/airflow/.local/lib/python3.10/site-packages/airflow/example_dags/example_nested_branch_dag.py                                                         1           0  3.87s           2023-08-16T11:50:47
/home/airflow/.local/lib/python3.10/site-packages/airflow/example_dags/example_branch_day_of_week_operator.py                                               1           0  1.31s           2023-08-16T11:50:48
/home/airflow/.local/lib/python3.10/site-packages/airflow/example_dags/example_dag_decorator.py                                                             1           0  3.29s           2023-08-16T11:50:52
/home/airflow/.local/lib/python3.10/site-packages/airflow/example_dags/example_dynamic_task_mapping_with_no_taskflow_operators.py                           1           0  4.48s           2023-08-16T11:50:56
/home/airflow/.local/lib/python3.10/site-packages/airflow/example_dags/example_kubernetes_executor.py                                                       1           0  15.42s          2023-08-16T11:51:12
/home/airflow/.local/lib/python3.10/site-packages/airflow/example_dags/example_passing_params_via_test_command.py                                           1           0  3.70s           2023-08-16T11:51:05
/home/airflow/.local/lib/python3.10/site-packages/airflow/example_dags/example_dynamic_task_mapping.py                                                      1           0  3.38s           2023-08-16T11:51:08
/home/airflow/.local/lib/python3.10/site-packages/airflow/example_dags/example_task_group.py                                                                1           0  3.45s           2023-08-16T11:51:12
/home/airflow/.local/lib/python3.10/site-packages/airflow/example_dags/example_python_operator.py                                                           1           0  4.66s           2023-08-16T11:51:16
/home/airflow/.local/lib/python3.10/site-packages/airflow/example_dags/example_trigger_target_dag.py                                                        1           0  4.41s           2023-08-16T11:51:16
/home/airflow/.local/lib/python3.10/site-packages/airflow/example_dags/tutorial.py                                                                          1           0  4.04s           2023-08-16T11:51:20
/home/airflow/.local/lib/python3.10/site-packages/airflow/example_dags/example_short_circuit_decorator.py                                                   1           0  4.30s           2023-08-16T11:51:21
/home/airflow/.local/lib/python3.10/site-packages/airflow/example_dags/example_params_trigger_ui.py                                                         1           0  6.40s           2023-08-16T11:51:27
/home/airflow/.local/lib/python3.10/site-packages/airflow/example_dags/example_branch_operator_decorator.py                                                 1           0  4.66s           2023-08-16T11:51:26
/home/airflow/.local/lib/python3.10/site-packages/airflow/example_dags/example_short_circuit_operator.py                                                    1           0  1.87s           2023-08-16T11:51:29
/home/airflow/.local/lib/python3.10/site-packages/airflow/example_dags/tutorial_dag.py                                                                      1           0  2.76s           2023-08-16T11:51:31
/home/airflow/.local/lib/python3.10/site-packages/airflow/example_dags/example_task_group_decorator.py                                                      1           0  2.93s           2023-08-16T11:51:32
/home/airflow/.local/lib/python3.10/site-packages/airflow/example_dags/example_branch_operator.py                                                           1           0  4.05s           2023-08-16T11:51:36
/home/airflow/.local/lib/python3.10/site-packages/airflow/example_dags/example_complex.py                                                                   1           0  8.11s           2023-08-16T11:51:51
/home/airflow/.local/lib/python3.10/site-packages/airflow/example_dags/example_sensors.py                                                                   1           0  6.96s           2023-08-16T11:51:50
/home/airflow/.local/lib/python3.10/site-packages/airflow/example_dags/example_sla_dag.py                                                                   1           0  11.92s          2023-08-16T11:57:26
/home/airflow/.local/lib/python3.10/site-packages/airflow/example_dags/example_params_ui_tutorial.py                                                        1           0  11.31s          2023-08-16T11:57:26
/home/airflow/.local/lib/python3.10/site-packages/airflow/example_dags/example_trigger_controller_dag.py                                                    1           0  6.65s           2023-08-16T11:57:33
/home/airflow/.local/lib/python3.10/site-packages/airflow/example_dags/tutorial_taskflow_api_virtualenv.py                                                  1           0  6.21s           2023-08-16T11:57:33
/home/airflow/.local/lib/python3.10/site-packages/airflow/example_dags/example_branch_labels.py                                                             1           0  5.45s           2023-08-16T11:57:38
/home/airflow/.local/lib/python3.10/site-packages/airflow/example_dags/example_skip_dag.py                                                                  1           0  5.22s           2023-08-16T11:57:39
/home/airflow/.local/lib/python3.10/site-packages/airflow/example_dags/example_latest_only_with_trigger.py                                                  1           0  3.27s           2023-08-16T11:57:42
/home/airflow/.local/lib/python3.10/site-packages/airflow/example_dags/example_branch_python_dop_operator_3.py                                              1           0  2.99s           2023-08-16T11:57:45
/home/airflow/.local/lib/python3.10/site-packages/airflow/example_dags/example_sensor_decorator.py                                                          1           0  2.48s           2023-08-16T11:57:45
/home/airflow/.local/lib/python3.10/site-packages/airflow/example_dags/example_latest_only.py                                                               1           0  3.28s           2023-08-16T11:57:48
/home/airflow/.local/lib/python3.10/site-packages/airflow/example_dags/example_xcom.py                                                                      1           0  4.65s           2023-08-16T11:57:50
/home/airflow/.local/lib/python3.10/site-packages/airflow/example_dags/example_xcomargs.py                                                                  2           0  7.39s           2023-08-16T11:51:43
/home/airflow/.local/lib/python3.10/site-packages/airflow/example_dags/example_external_task_marker_dag.py                                                  2           0  4.29s           2023-08-16T11:57:43
/home/airflow/.local/lib/python3.10/site-packages/airflow/example_dags/example_subdag_operator.py                                                           3           0  2.00s           2023-08-16T11:51:29
/home/airflow/.local/lib/python3.10/site-packages/airflow/example_dags/example_datasets.py                                                                  6           0  10.23s          2023-08-16T11:51:43
================================================================================
[2023-08-16T11:58:49.431+0000] {manager.py:889} INFO - 
================================================================================
DAG File Processing Stats

File Path                                                                                                                            PID  Runtime      # DAGs    # Errors  Last Runtime    Last Run
---------------------------------------------------------------------------------------------------------------------------------  -----  ---------  --------  ----------  --------------  -------------------
/home/airflow/.local/lib/python3.10/site-packages/airflow/example_dags/example_setup_teardown_taskflow.py                                                   0           0  0.50s           2023-08-16T11:58:22
/home/airflow/.local/lib/python3.10/site-packages/airflow/example_dags/example_setup_teardown.py                                                            0           0  0.53s           2023-08-16T11:51:32
/home/airflow/.local/lib/python3.10/site-packages/airflow/example_dags/example_bash_operator.py                                                             0           1  73.20s          2023-08-16T11:53:04
/home/airflow/.local/lib/python3.10/site-packages/airflow/example_dags/example_branch_datetime_operator.py                                                  0           1  72.18s          2023-08-16T11:53:04
/home/airflow/.local/lib/python3.10/site-packages/airflow/example_dags/subdags/subdag.py                                                                    0           0  1.81s           2023-08-16T11:57:50
/home/airflow/.local/lib/python3.10/site-packages/airflow/example_dags/plugins/listener_plugin.py                                                           0           0  1.93s           2023-08-16T11:57:52
/home/airflow/.local/lib/python3.10/site-packages/airflow/example_dags/plugins/event_listener.py                                                            0           0  1.09s           2023-08-16T11:57:52
/home/airflow/.local/lib/python3.10/site-packages/airflow/example_dags/plugins/workday.py                                                                   0           1  31.27s          2023-08-16T11:58:23
/home/airflow/.local/lib/python3.10/site-packages/airflow/example_dags/example_local_kubernetes_executor.py                                                 1           0  28.99s          2023-08-16T11:58:22
/home/airflow/.local/lib/python3.10/site-packages/airflow/example_dags/tutorial_taskflow_api.py                                                             1           0  1.29s           2023-08-16T11:58:24
/home/airflow/.local/lib/python3.10/site-packages/airflow/example_dags/example_time_delta_sensor_async.py                                                   1           0  1.38s           2023-08-16T11:58:25
/home/airflow/.local/lib/python3.10/site-packages/airflow/example_dags/example_nested_branch_dag.py                                                         1           0  1.21s           2023-08-16T11:58:25
/home/airflow/.local/lib/python3.10/site-packages/airflow/example_dags/example_branch_day_of_week_operator.py                                               1           0  1.20s           2023-08-16T11:58:26
/home/airflow/.local/lib/python3.10/site-packages/airflow/example_dags/example_dag_decorator.py                                                             1           0  2.77s           2023-08-16T11:58:28
/home/airflow/.local/lib/python3.10/site-packages/airflow/example_dags/example_dynamic_task_mapping_with_no_taskflow_operators.py                           1           0  1.50s           2023-08-16T11:58:28
/home/airflow/.local/lib/python3.10/site-packages/airflow/example_dags/example_kubernetes_executor.py                                                       1           0  11.43s          2023-08-16T11:58:39
/home/airflow/.local/lib/python3.10/site-packages/airflow/example_dags/example_passing_params_via_test_command.py                                           1           0  2.03s           2023-08-16T11:58:30
/home/airflow/.local/lib/python3.10/site-packages/airflow/example_dags/example_dynamic_task_mapping.py                                                      1           0  2.89s           2023-08-16T11:58:33
/home/airflow/.local/lib/python3.10/site-packages/airflow/example_dags/example_task_group.py                                                                1           0  2.34s           2023-08-16T11:58:35
/home/airflow/.local/lib/python3.10/site-packages/airflow/example_dags/example_python_operator.py                                                           1           0  1.90s           2023-08-16T11:58:37
/home/airflow/.local/lib/python3.10/site-packages/airflow/example_dags/example_trigger_target_dag.py                                                        1           0  1.26s           2023-08-16T11:58:39
/home/airflow/.local/lib/python3.10/site-packages/airflow/example_dags/tutorial.py                                                                          1           0  2.91s           2023-08-16T11:58:41
/home/airflow/.local/lib/python3.10/site-packages/airflow/example_dags/example_short_circuit_decorator.py                                                   1           0  2.83s           2023-08-16T11:58:42
/home/airflow/.local/lib/python3.10/site-packages/airflow/example_dags/example_params_trigger_ui.py                                                         1           0  5.16s           2023-08-16T11:58:47
/home/airflow/.local/lib/python3.10/site-packages/airflow/example_dags/example_branch_operator_decorator.py                                                 1           0  2.50s           2023-08-16T11:58:45
/home/airflow/.local/lib/python3.10/site-packages/airflow/example_dags/example_short_circuit_operator.py                                                    1           0  0.98s           2023-08-16T11:58:48
/home/airflow/.local/lib/python3.10/site-packages/airflow/example_dags/tutorial_dag.py                                               192  1.07s             1           0  2.76s           2023-08-16T11:51:31
/home/airflow/.local/lib/python3.10/site-packages/airflow/example_dags/example_task_group_decorator.py                               193  0.94s             1           0  2.93s           2023-08-16T11:51:32
/home/airflow/.local/lib/python3.10/site-packages/airflow/example_dags/example_branch_operator.py                                                           1           0  4.05s           2023-08-16T11:51:36
/home/airflow/.local/lib/python3.10/site-packages/airflow/example_dags/example_complex.py                                                                   1           0  8.11s           2023-08-16T11:51:51
/home/airflow/.local/lib/python3.10/site-packages/airflow/example_dags/example_sensors.py                                                                   1           0  6.96s           2023-08-16T11:51:50
/home/airflow/.local/lib/python3.10/site-packages/airflow/example_dags/example_sla_dag.py                                                                   1           0  11.92s          2023-08-16T11:57:26
/home/airflow/.local/lib/python3.10/site-packages/airflow/example_dags/example_params_ui_tutorial.py                                                        1           0  11.31s          2023-08-16T11:57:26
/home/airflow/.local/lib/python3.10/site-packages/airflow/example_dags/example_trigger_controller_dag.py                                                    1           0  6.65s           2023-08-16T11:57:33
/home/airflow/.local/lib/python3.10/site-packages/airflow/example_dags/tutorial_taskflow_api_virtualenv.py                                                  1           0  6.21s           2023-08-16T11:57:33
/home/airflow/.local/lib/python3.10/site-packages/airflow/example_dags/example_branch_labels.py                                                             1           0  5.45s           2023-08-16T11:57:38
/home/airflow/.local/lib/python3.10/site-packages/airflow/example_dags/example_skip_dag.py                                                                  1           0  5.22s           2023-08-16T11:57:39
/home/airflow/.local/lib/python3.10/site-packages/airflow/example_dags/example_latest_only_with_trigger.py                                                  1           0  3.27s           2023-08-16T11:57:42
/home/airflow/.local/lib/python3.10/site-packages/airflow/example_dags/example_branch_python_dop_operator_3.py                                              1           0  2.99s           2023-08-16T11:57:45
/home/airflow/.local/lib/python3.10/site-packages/airflow/example_dags/example_sensor_decorator.py                                                          1           0  2.48s           2023-08-16T11:57:45
/home/airflow/.local/lib/python3.10/site-packages/airflow/example_dags/example_latest_only.py                                                               1           0  3.28s           2023-08-16T11:57:48
/home/airflow/.local/lib/python3.10/site-packages/airflow/example_dags/example_xcom.py                                                                      1           0  4.65s           2023-08-16T11:57:50
/home/airflow/.local/lib/python3.10/site-packages/airflow/example_dags/example_xcomargs.py                                                                  2           0  7.39s           2023-08-16T11:51:43
/home/airflow/.local/lib/python3.10/site-packages/airflow/example_dags/example_external_task_marker_dag.py                                                  2           0  4.29s           2023-08-16T11:57:43
/home/airflow/.local/lib/python3.10/site-packages/airflow/example_dags/example_subdag_operator.py                                                           3           0  3.05s           2023-08-16T11:58:48
/home/airflow/.local/lib/python3.10/site-packages/airflow/example_dags/example_datasets.py                                                                  6           0  10.23s          2023-08-16T11:51:43
================================================================================
[2023-08-16T11:59:19.715+0000] {manager.py:889} INFO - 
================================================================================
DAG File Processing Stats

File Path                                                                                                                            PID  Runtime      # DAGs    # Errors  Last Runtime    Last Run
---------------------------------------------------------------------------------------------------------------------------------  -----  ---------  --------  ----------  --------------  -------------------
/home/airflow/.local/lib/python3.10/site-packages/airflow/example_dags/example_setup_teardown_taskflow.py                                                   0           0  1.81s           2023-08-16T11:59:13
/home/airflow/.local/lib/python3.10/site-packages/airflow/example_dags/example_setup_teardown.py                                                            0           0  0.59s           2023-08-16T11:58:50
/home/airflow/.local/lib/python3.10/site-packages/airflow/example_dags/subdags/subdag.py                                                                    0           0  1.81s           2023-08-16T11:57:50
/home/airflow/.local/lib/python3.10/site-packages/airflow/example_dags/plugins/listener_plugin.py                                                           0           0  1.93s           2023-08-16T11:57:52
/home/airflow/.local/lib/python3.10/site-packages/airflow/example_dags/plugins/event_listener.py                                                            0           0  1.09s           2023-08-16T11:57:52
/home/airflow/.local/lib/python3.10/site-packages/airflow/example_dags/plugins/workday.py                                                                   0           1  31.27s          2023-08-16T11:58:23
/home/airflow/.local/lib/python3.10/site-packages/airflow/example_dags/example_local_kubernetes_executor.py                          209  16.00s            1           0  28.99s          2023-08-16T11:58:22
/home/airflow/.local/lib/python3.10/site-packages/airflow/example_dags/tutorial_taskflow_api.py                                                             1           0  3.03s           2023-08-16T11:59:16
/home/airflow/.local/lib/python3.10/site-packages/airflow/example_dags/example_time_delta_sensor_async.py                            219  2.49s             1           0  1.38s           2023-08-16T11:58:25
/home/airflow/.local/lib/python3.10/site-packages/airflow/example_dags/example_nested_branch_dag.py                                                         1           0  1.21s           2023-08-16T11:58:25
/home/airflow/.local/lib/python3.10/site-packages/airflow/example_dags/example_branch_day_of_week_operator.py                                               1           0  1.20s           2023-08-16T11:58:26
/home/airflow/.local/lib/python3.10/site-packages/airflow/example_dags/example_dag_decorator.py                                                             1           0  2.77s           2023-08-16T11:58:28
/home/airflow/.local/lib/python3.10/site-packages/airflow/example_dags/example_dynamic_task_mapping_with_no_taskflow_operators.py                           1           0  1.50s           2023-08-16T11:58:28
/home/airflow/.local/lib/python3.10/site-packages/airflow/example_dags/example_kubernetes_executor.py                                                       1           0  11.43s          2023-08-16T11:58:39
/home/airflow/.local/lib/python3.10/site-packages/airflow/example_dags/example_passing_params_via_test_command.py                                           1           0  2.03s           2023-08-16T11:58:30
/home/airflow/.local/lib/python3.10/site-packages/airflow/example_dags/example_dynamic_task_mapping.py                                                      1           0  2.89s           2023-08-16T11:58:33
/home/airflow/.local/lib/python3.10/site-packages/airflow/example_dags/example_task_group.py                                                                1           0  2.34s           2023-08-16T11:58:35
/home/airflow/.local/lib/python3.10/site-packages/airflow/example_dags/example_python_operator.py                                                           1           0  1.90s           2023-08-16T11:58:37
/home/airflow/.local/lib/python3.10/site-packages/airflow/example_dags/example_trigger_target_dag.py                                                        1           0  1.26s           2023-08-16T11:58:39
/home/airflow/.local/lib/python3.10/site-packages/airflow/example_dags/tutorial.py                                                                          1           0  2.91s           2023-08-16T11:58:41
/home/airflow/.local/lib/python3.10/site-packages/airflow/example_dags/example_short_circuit_decorator.py                                                   1           0  2.83s           2023-08-16T11:58:42
/home/airflow/.local/lib/python3.10/site-packages/airflow/example_dags/example_params_trigger_ui.py                                                         1           0  5.16s           2023-08-16T11:58:47
/home/airflow/.local/lib/python3.10/site-packages/airflow/example_dags/example_branch_operator_decorator.py                                                 1           0  2.50s           2023-08-16T11:58:45
/home/airflow/.local/lib/python3.10/site-packages/airflow/example_dags/example_short_circuit_operator.py                                                    1           0  0.98s           2023-08-16T11:58:48
/home/airflow/.local/lib/python3.10/site-packages/airflow/example_dags/tutorial_dag.py                                                                      1           0  1.42s           2023-08-16T11:58:49
/home/airflow/.local/lib/python3.10/site-packages/airflow/example_dags/example_task_group_decorator.py                                                      1           0  1.65s           2023-08-16T11:58:49
/home/airflow/.local/lib/python3.10/site-packages/airflow/example_dags/example_branch_operator.py                                                           1           0  5.70s           2023-08-16T11:58:55
/home/airflow/.local/lib/python3.10/site-packages/airflow/example_dags/example_complex.py                                                                   1           0  2.21s           2023-08-16T11:58:58
/home/airflow/.local/lib/python3.10/site-packages/airflow/example_dags/example_sensors.py                                                                   1           0  2.89s           2023-08-16T11:59:00
/home/airflow/.local/lib/python3.10/site-packages/airflow/example_dags/example_bash_operator.py                                                             1           0  13.36s          2023-08-16T11:59:12
/home/airflow/.local/lib/python3.10/site-packages/airflow/example_dags/example_sla_dag.py                                                                   1           0  11.92s          2023-08-16T11:57:26
/home/airflow/.local/lib/python3.10/site-packages/airflow/example_dags/example_params_ui_tutorial.py                                                        1           0  11.31s          2023-08-16T11:57:26
/home/airflow/.local/lib/python3.10/site-packages/airflow/example_dags/example_trigger_controller_dag.py                                                    1           0  6.65s           2023-08-16T11:57:33
/home/airflow/.local/lib/python3.10/site-packages/airflow/example_dags/tutorial_taskflow_api_virtualenv.py                                                  1           0  6.21s           2023-08-16T11:57:33
/home/airflow/.local/lib/python3.10/site-packages/airflow/example_dags/example_branch_labels.py                                                             1           0  5.45s           2023-08-16T11:57:38
/home/airflow/.local/lib/python3.10/site-packages/airflow/example_dags/example_skip_dag.py                                                                  1           0  5.22s           2023-08-16T11:57:39
/home/airflow/.local/lib/python3.10/site-packages/airflow/example_dags/example_latest_only_with_trigger.py                                                  1           0  3.27s           2023-08-16T11:57:42
/home/airflow/.local/lib/python3.10/site-packages/airflow/example_dags/example_branch_python_dop_operator_3.py                                              1           0  2.99s           2023-08-16T11:57:45
/home/airflow/.local/lib/python3.10/site-packages/airflow/example_dags/example_sensor_decorator.py                                                          1           0  2.48s           2023-08-16T11:57:45
/home/airflow/.local/lib/python3.10/site-packages/airflow/example_dags/example_latest_only.py                                                               1           0  3.28s           2023-08-16T11:57:48
/home/airflow/.local/lib/python3.10/site-packages/airflow/example_dags/example_xcom.py                                                                      1           0  4.65s           2023-08-16T11:57:50
/home/airflow/.local/lib/python3.10/site-packages/airflow/example_dags/example_xcomargs.py                                                                  2           0  1.63s           2023-08-16T11:58:57
/home/airflow/.local/lib/python3.10/site-packages/airflow/example_dags/example_external_task_marker_dag.py                                                  2           0  4.29s           2023-08-16T11:57:43
/home/airflow/.local/lib/python3.10/site-packages/airflow/example_dags/example_subdag_operator.py                                                           3           0  3.05s           2023-08-16T11:58:48
/home/airflow/.local/lib/python3.10/site-packages/airflow/example_dags/example_branch_datetime_operator.py                                                  3           0  3.02s           2023-08-16T11:59:03
/home/airflow/.local/lib/python3.10/site-packages/airflow/example_dags/example_datasets.py                                                                  6           0  5.34s           2023-08-16T11:58:55
================================================================================
