[2023-08-16T11:51:52.537+0000] {processor.py:157} INFO - Started process (PID=117) to work on /home/airflow/.local/lib/python3.10/site-packages/airflow/example_dags/example_branch_datetime_operator.py
[2023-08-16T11:51:52.558+0000] {processor.py:826} INFO - Processing file /home/airflow/.local/lib/python3.10/site-packages/airflow/example_dags/example_branch_datetime_operator.py for tasks to queue
[2023-08-16T11:51:52.575+0000] {logging_mixin.py:149} INFO - [2023-08-16T11:51:52.569+0000] {dagbag.py:541} INFO - Filling up the DagBag from /home/airflow/.local/lib/python3.10/site-packages/airflow/example_dags/example_branch_datetime_operator.py
[2023-08-16T11:51:52.955+0000] {processor.py:836} INFO - DAG(s) dict_keys(['example_branch_datetime_operator_3', 'example_branch_datetime_operator_2', 'example_branch_datetime_operator']) retrieved from /home/airflow/.local/lib/python3.10/site-packages/airflow/example_dags/example_branch_datetime_operator.py
[2023-08-16T11:52:02.970+0000] {logging_mixin.py:149} INFO - [2023-08-16T11:52:02.967+0000] {manager.py:504} INFO - Created Permission View: can read on DAG:example_branch_datetime_operator_3
[2023-08-16T11:52:03.433+0000] {logging_mixin.py:149} INFO - [2023-08-16T11:52:03.432+0000] {manager.py:504} INFO - Created Permission View: can delete on DAG:example_branch_datetime_operator_3
[2023-08-16T11:52:03.513+0000] {logging_mixin.py:149} INFO - [2023-08-16T11:52:03.511+0000] {manager.py:504} INFO - Created Permission View: can edit on DAG:example_branch_datetime_operator_3
[2023-08-16T11:52:05.118+0000] {logging_mixin.py:149} INFO - [2023-08-16T11:52:05.094+0000] {manager.py:504} INFO - Created Permission View: can read on DAG:example_branch_datetime_operator_2
[2023-08-16T11:52:09.866+0000] {logging_mixin.py:149} INFO - [2023-08-16T11:52:09.865+0000] {manager.py:504} INFO - Created Permission View: can delete on DAG:example_branch_datetime_operator_2
[2023-08-16T11:52:10.040+0000] {logging_mixin.py:149} INFO - [2023-08-16T11:52:10.025+0000] {manager.py:504} INFO - Created Permission View: can edit on DAG:example_branch_datetime_operator_2
[2023-08-16T11:52:11.737+0000] {logging_mixin.py:149} INFO - [2023-08-16T11:52:11.737+0000] {manager.py:504} INFO - Created Permission View: can read on DAG:example_branch_datetime_operator
[2023-08-16T11:52:39.798+0000] {logging_mixin.py:149} INFO - [2023-08-16T11:52:39.672+0000] {manager.py:504} INFO - Created Permission View: can delete on DAG:example_branch_datetime_operator
[2023-08-16T11:56:56.985+0000] {logging_mixin.py:149} INFO - [2023-08-16T11:56:56.399+0000] {manager.py:504} INFO - Created Permission View: can edit on DAG:example_branch_datetime_operator
[2023-08-16T11:59:00.762+0000] {processor.py:157} INFO - Started process (PID=208) to work on /home/airflow/.local/lib/python3.10/site-packages/airflow/example_dags/example_branch_datetime_operator.py
[2023-08-16T11:59:00.782+0000] {processor.py:826} INFO - Processing file /home/airflow/.local/lib/python3.10/site-packages/airflow/example_dags/example_branch_datetime_operator.py for tasks to queue
[2023-08-16T11:59:00.794+0000] {logging_mixin.py:149} INFO - [2023-08-16T11:59:00.794+0000] {dagbag.py:541} INFO - Filling up the DagBag from /home/airflow/.local/lib/python3.10/site-packages/airflow/example_dags/example_branch_datetime_operator.py
[2023-08-16T11:59:01.116+0000] {processor.py:836} INFO - DAG(s) dict_keys(['example_branch_datetime_operator_3', 'example_branch_datetime_operator_2', 'example_branch_datetime_operator']) retrieved from /home/airflow/.local/lib/python3.10/site-packages/airflow/example_dags/example_branch_datetime_operator.py
[2023-08-16T11:59:02.088+0000] {logging_mixin.py:149} INFO - [2023-08-16T11:59:02.088+0000] {dag.py:2726} INFO - Sync 3 DAGs
[2023-08-16T11:59:02.700+0000] {logging_mixin.py:149} INFO - [2023-08-16T11:59:02.699+0000] {dag.py:2747} INFO - Creating ORM DAG for example_branch_datetime_operator
[2023-08-16T11:59:02.715+0000] {logging_mixin.py:149} INFO - [2023-08-16T11:59:02.715+0000] {dag.py:2747} INFO - Creating ORM DAG for example_branch_datetime_operator_3
[2023-08-16T11:59:02.718+0000] {logging_mixin.py:149} INFO - [2023-08-16T11:59:02.718+0000] {dag.py:2747} INFO - Creating ORM DAG for example_branch_datetime_operator_2
[2023-08-16T11:59:02.953+0000] {logging_mixin.py:149} INFO - [2023-08-16T11:59:02.952+0000] {dag.py:3486} INFO - Setting next_dagrun for example_branch_datetime_operator to 2023-08-15T00:00:00+00:00, run_after=2023-08-16T00:00:00+00:00
[2023-08-16T11:59:02.999+0000] {logging_mixin.py:149} INFO - [2023-08-16T11:59:02.999+0000] {dag.py:3486} INFO - Setting next_dagrun for example_branch_datetime_operator_2 to 2023-08-15T00:00:00+00:00, run_after=2023-08-16T00:00:00+00:00
[2023-08-16T11:59:03.026+0000] {logging_mixin.py:149} INFO - [2023-08-16T11:59:03.026+0000] {dag.py:3486} INFO - Setting next_dagrun for example_branch_datetime_operator_3 to 2023-08-15T00:00:00+00:00, run_after=2023-08-16T00:00:00+00:00
[2023-08-16T11:59:03.431+0000] {processor.py:179} INFO - Processing /home/airflow/.local/lib/python3.10/site-packages/airflow/example_dags/example_branch_datetime_operator.py took 2.756 seconds
