[2023-08-16T11:50:52.474+0000] {processor.py:157} INFO - Started process (PID=75) to work on /home/airflow/.local/lib/python3.10/site-packages/airflow/example_dags/example_dynamic_task_mapping_with_no_taskflow_operators.py
[2023-08-16T11:50:52.481+0000] {processor.py:826} INFO - Processing file /home/airflow/.local/lib/python3.10/site-packages/airflow/example_dags/example_dynamic_task_mapping_with_no_taskflow_operators.py for tasks to queue
[2023-08-16T11:50:52.488+0000] {logging_mixin.py:149} INFO - [2023-08-16T11:50:52.487+0000] {dagbag.py:541} INFO - Filling up the DagBag from /home/airflow/.local/lib/python3.10/site-packages/airflow/example_dags/example_dynamic_task_mapping_with_no_taskflow_operators.py
[2023-08-16T11:50:52.704+0000] {processor.py:836} INFO - DAG(s) dict_keys(['example_dynamic_task_mapping_with_no_taskflow_operators']) retrieved from /home/airflow/.local/lib/python3.10/site-packages/airflow/example_dags/example_dynamic_task_mapping_with_no_taskflow_operators.py
[2023-08-16T11:50:55.241+0000] {logging_mixin.py:149} INFO - [2023-08-16T11:50:55.241+0000] {manager.py:504} INFO - Created Permission View: can read on DAG:example_dynamic_task_mapping_with_no_taskflow_operators
[2023-08-16T11:50:55.888+0000] {logging_mixin.py:149} INFO - [2023-08-16T11:50:55.888+0000] {manager.py:504} INFO - Created Permission View: can delete on DAG:example_dynamic_task_mapping_with_no_taskflow_operators
[2023-08-16T11:50:56.223+0000] {logging_mixin.py:149} INFO - [2023-08-16T11:50:56.222+0000] {manager.py:504} INFO - Created Permission View: can edit on DAG:example_dynamic_task_mapping_with_no_taskflow_operators
[2023-08-16T11:50:56.295+0000] {logging_mixin.py:149} INFO - [2023-08-16T11:50:56.295+0000] {dag.py:2726} INFO - Sync 1 DAGs
[2023-08-16T11:50:56.411+0000] {logging_mixin.py:149} INFO - [2023-08-16T11:50:56.411+0000] {dag.py:2747} INFO - Creating ORM DAG for example_dynamic_task_mapping_with_no_taskflow_operators
[2023-08-16T11:50:56.507+0000] {logging_mixin.py:149} INFO - [2023-08-16T11:50:56.507+0000] {dag.py:3486} INFO - Setting next_dagrun for example_dynamic_task_mapping_with_no_taskflow_operators to 2023-08-15T11:50:56.505502+00:00, run_after=2023-08-16T11:50:56.505502+00:00
[2023-08-16T11:50:56.721+0000] {processor.py:179} INFO - Processing /home/airflow/.local/lib/python3.10/site-packages/airflow/example_dags/example_dynamic_task_mapping_with_no_taskflow_operators.py took 4.305 seconds
[2023-08-16T11:58:26.728+0000] {processor.py:157} INFO - Started process (PID=172) to work on /home/airflow/.local/lib/python3.10/site-packages/airflow/example_dags/example_dynamic_task_mapping_with_no_taskflow_operators.py
[2023-08-16T11:58:26.746+0000] {processor.py:826} INFO - Processing file /home/airflow/.local/lib/python3.10/site-packages/airflow/example_dags/example_dynamic_task_mapping_with_no_taskflow_operators.py for tasks to queue
[2023-08-16T11:58:26.762+0000] {logging_mixin.py:149} INFO - [2023-08-16T11:58:26.762+0000] {dagbag.py:541} INFO - Filling up the DagBag from /home/airflow/.local/lib/python3.10/site-packages/airflow/example_dags/example_dynamic_task_mapping_with_no_taskflow_operators.py
[2023-08-16T11:58:26.996+0000] {processor.py:836} INFO - DAG(s) dict_keys(['example_dynamic_task_mapping_with_no_taskflow_operators']) retrieved from /home/airflow/.local/lib/python3.10/site-packages/airflow/example_dags/example_dynamic_task_mapping_with_no_taskflow_operators.py
[2023-08-16T11:58:27.582+0000] {logging_mixin.py:149} INFO - [2023-08-16T11:58:27.581+0000] {dag.py:2726} INFO - Sync 1 DAGs
[2023-08-16T11:58:27.872+0000] {logging_mixin.py:149} INFO - [2023-08-16T11:58:27.871+0000] {dag.py:3486} INFO - Setting next_dagrun for example_dynamic_task_mapping_with_no_taskflow_operators to 2023-08-15T11:58:27.868977+00:00, run_after=2023-08-16T11:58:27.868977+00:00
[2023-08-16T11:58:28.011+0000] {processor.py:179} INFO - Processing /home/airflow/.local/lib/python3.10/site-packages/airflow/example_dags/example_dynamic_task_mapping_with_no_taskflow_operators.py took 1.326 seconds
[2023-08-16T11:59:28.180+0000] {processor.py:157} INFO - Started process (PID=223) to work on /home/airflow/.local/lib/python3.10/site-packages/airflow/example_dags/example_dynamic_task_mapping_with_no_taskflow_operators.py
[2023-08-16T11:59:28.186+0000] {processor.py:826} INFO - Processing file /home/airflow/.local/lib/python3.10/site-packages/airflow/example_dags/example_dynamic_task_mapping_with_no_taskflow_operators.py for tasks to queue
[2023-08-16T11:59:28.190+0000] {logging_mixin.py:149} INFO - [2023-08-16T11:59:28.189+0000] {dagbag.py:541} INFO - Filling up the DagBag from /home/airflow/.local/lib/python3.10/site-packages/airflow/example_dags/example_dynamic_task_mapping_with_no_taskflow_operators.py
[2023-08-16T11:59:28.292+0000] {processor.py:836} INFO - DAG(s) dict_keys(['example_dynamic_task_mapping_with_no_taskflow_operators']) retrieved from /home/airflow/.local/lib/python3.10/site-packages/airflow/example_dags/example_dynamic_task_mapping_with_no_taskflow_operators.py
[2023-08-16T11:59:28.444+0000] {logging_mixin.py:149} INFO - [2023-08-16T11:59:28.443+0000] {dag.py:2726} INFO - Sync 1 DAGs
[2023-08-16T11:59:28.577+0000] {logging_mixin.py:149} INFO - [2023-08-16T11:59:28.576+0000] {dag.py:3486} INFO - Setting next_dagrun for example_dynamic_task_mapping_with_no_taskflow_operators to 2023-08-15T11:59:28.561923+00:00, run_after=2023-08-16T11:59:28.561923+00:00
[2023-08-16T11:59:28.693+0000] {processor.py:179} INFO - Processing /home/airflow/.local/lib/python3.10/site-packages/airflow/example_dags/example_dynamic_task_mapping_with_no_taskflow_operators.py took 0.523 seconds
