[2023-08-16T11:51:27.147+0000] {processor.py:157} INFO - Started process (PID=99) to work on /home/airflow/.local/lib/python3.10/site-packages/airflow/example_dags/example_subdag_operator.py
[2023-08-16T11:51:27.158+0000] {processor.py:826} INFO - Processing file /home/airflow/.local/lib/python3.10/site-packages/airflow/example_dags/example_subdag_operator.py for tasks to queue
[2023-08-16T11:51:27.167+0000] {logging_mixin.py:149} INFO - [2023-08-16T11:51:27.165+0000] {dagbag.py:541} INFO - Filling up the DagBag from /home/airflow/.local/lib/python3.10/site-packages/airflow/example_dags/example_subdag_operator.py
[2023-08-16T11:51:27.347+0000] {processor.py:836} INFO - DAG(s) dict_keys(['example_subdag_operator.section-1', 'example_subdag_operator.section-2', 'example_subdag_operator']) retrieved from /home/airflow/.local/lib/python3.10/site-packages/airflow/example_dags/example_subdag_operator.py
[2023-08-16T11:51:28.294+0000] {logging_mixin.py:149} INFO - [2023-08-16T11:51:28.294+0000] {manager.py:504} INFO - Created Permission View: can read on DAG:example_subdag_operator
[2023-08-16T11:51:28.375+0000] {logging_mixin.py:149} INFO - [2023-08-16T11:51:28.375+0000] {manager.py:504} INFO - Created Permission View: can delete on DAG:example_subdag_operator
[2023-08-16T11:51:28.424+0000] {logging_mixin.py:149} INFO - [2023-08-16T11:51:28.423+0000] {manager.py:504} INFO - Created Permission View: can edit on DAG:example_subdag_operator
[2023-08-16T11:51:28.493+0000] {logging_mixin.py:149} INFO - [2023-08-16T11:51:28.492+0000] {dag.py:2726} INFO - Sync 3 DAGs
[2023-08-16T11:51:28.543+0000] {logging_mixin.py:149} INFO - [2023-08-16T11:51:28.543+0000] {dag.py:2747} INFO - Creating ORM DAG for example_subdag_operator.section-2
[2023-08-16T11:51:28.547+0000] {logging_mixin.py:149} INFO - [2023-08-16T11:51:28.546+0000] {dag.py:2747} INFO - Creating ORM DAG for example_subdag_operator
[2023-08-16T11:51:28.551+0000] {logging_mixin.py:149} INFO - [2023-08-16T11:51:28.551+0000] {dag.py:2747} INFO - Creating ORM DAG for example_subdag_operator.section-1
[2023-08-16T11:51:28.642+0000] {logging_mixin.py:149} INFO - [2023-08-16T11:51:28.642+0000] {dag.py:3486} INFO - Setting next_dagrun for example_subdag_operator to 2022-01-01T00:00:00+00:00, run_after=2022-01-01T00:00:00+00:00
[2023-08-16T11:51:28.657+0000] {logging_mixin.py:149} INFO - [2023-08-16T11:51:28.657+0000] {dag.py:3486} INFO - Setting next_dagrun for example_subdag_operator.section-1 to None, run_after=None
[2023-08-16T11:51:28.665+0000] {logging_mixin.py:149} INFO - [2023-08-16T11:51:28.665+0000] {dag.py:3486} INFO - Setting next_dagrun for example_subdag_operator.section-2 to None, run_after=None
[2023-08-16T11:51:28.729+0000] {logging_mixin.py:149} INFO - [2023-08-16T11:51:28.728+0000] {dag.py:2726} INFO - Sync 2 DAGs
[2023-08-16T11:51:28.773+0000] {logging_mixin.py:149} INFO - [2023-08-16T11:51:28.773+0000] {dag.py:3486} INFO - Setting next_dagrun for example_subdag_operator.section-1 to None, run_after=None
[2023-08-16T11:51:28.798+0000] {logging_mixin.py:149} INFO - [2023-08-16T11:51:28.795+0000] {dag.py:3486} INFO - Setting next_dagrun for example_subdag_operator.section-2 to None, run_after=None
[2023-08-16T11:51:28.925+0000] {processor.py:179} INFO - Processing /home/airflow/.local/lib/python3.10/site-packages/airflow/example_dags/example_subdag_operator.py took 1.809 seconds
[2023-08-16T11:58:46.168+0000] {processor.py:157} INFO - Started process (PID=190) to work on /home/airflow/.local/lib/python3.10/site-packages/airflow/example_dags/example_subdag_operator.py
[2023-08-16T11:58:46.181+0000] {processor.py:826} INFO - Processing file /home/airflow/.local/lib/python3.10/site-packages/airflow/example_dags/example_subdag_operator.py for tasks to queue
[2023-08-16T11:58:46.207+0000] {logging_mixin.py:149} INFO - [2023-08-16T11:58:46.203+0000] {dagbag.py:541} INFO - Filling up the DagBag from /home/airflow/.local/lib/python3.10/site-packages/airflow/example_dags/example_subdag_operator.py
[2023-08-16T11:58:47.380+0000] {processor.py:836} INFO - DAG(s) dict_keys(['example_subdag_operator.section-1', 'example_subdag_operator.section-2', 'example_subdag_operator']) retrieved from /home/airflow/.local/lib/python3.10/site-packages/airflow/example_dags/example_subdag_operator.py
[2023-08-16T11:58:47.787+0000] {logging_mixin.py:149} INFO - [2023-08-16T11:58:47.787+0000] {dag.py:2726} INFO - Sync 3 DAGs
[2023-08-16T11:58:48.010+0000] {logging_mixin.py:149} INFO - [2023-08-16T11:58:48.008+0000] {dag.py:3486} INFO - Setting next_dagrun for example_subdag_operator to 2022-01-01T00:00:00+00:00, run_after=2022-01-01T00:00:00+00:00
[2023-08-16T11:58:48.034+0000] {logging_mixin.py:149} INFO - [2023-08-16T11:58:48.031+0000] {dag.py:3486} INFO - Setting next_dagrun for example_subdag_operator.section-1 to None, run_after=None
[2023-08-16T11:58:48.062+0000] {logging_mixin.py:149} INFO - [2023-08-16T11:58:48.061+0000] {dag.py:3486} INFO - Setting next_dagrun for example_subdag_operator.section-2 to None, run_after=None
[2023-08-16T11:58:48.116+0000] {logging_mixin.py:149} INFO - [2023-08-16T11:58:48.116+0000] {dag.py:2726} INFO - Sync 2 DAGs
[2023-08-16T11:58:48.138+0000] {logging_mixin.py:149} INFO - [2023-08-16T11:58:48.138+0000] {dag.py:3486} INFO - Setting next_dagrun for example_subdag_operator.section-1 to None, run_after=None
[2023-08-16T11:58:48.140+0000] {logging_mixin.py:149} INFO - [2023-08-16T11:58:48.140+0000] {dag.py:3486} INFO - Setting next_dagrun for example_subdag_operator.section-2 to None, run_after=None
[2023-08-16T11:58:48.218+0000] {processor.py:179} INFO - Processing /home/airflow/.local/lib/python3.10/site-packages/airflow/example_dags/example_subdag_operator.py took 2.420 seconds
