[2023-08-16T11:50:43.811+0000] {processor.py:157} INFO - Started process (PID=72) to work on /home/airflow/.local/lib/python3.10/site-packages/airflow/example_dags/example_nested_branch_dag.py
[2023-08-16T11:50:43.824+0000] {processor.py:826} INFO - Processing file /home/airflow/.local/lib/python3.10/site-packages/airflow/example_dags/example_nested_branch_dag.py for tasks to queue
[2023-08-16T11:50:43.831+0000] {logging_mixin.py:149} INFO - [2023-08-16T11:50:43.830+0000] {dagbag.py:541} INFO - Filling up the DagBag from /home/airflow/.local/lib/python3.10/site-packages/airflow/example_dags/example_nested_branch_dag.py
[2023-08-16T11:50:44.057+0000] {processor.py:836} INFO - DAG(s) dict_keys(['example_nested_branch_dag']) retrieved from /home/airflow/.local/lib/python3.10/site-packages/airflow/example_dags/example_nested_branch_dag.py
[2023-08-16T11:50:46.047+0000] {logging_mixin.py:149} INFO - [2023-08-16T11:50:46.024+0000] {manager.py:504} INFO - Created Permission View: can read on DAG:example_nested_branch_dag
[2023-08-16T11:50:46.429+0000] {logging_mixin.py:149} INFO - [2023-08-16T11:50:46.429+0000] {manager.py:504} INFO - Created Permission View: can delete on DAG:example_nested_branch_dag
[2023-08-16T11:50:46.534+0000] {logging_mixin.py:149} INFO - [2023-08-16T11:50:46.534+0000] {manager.py:504} INFO - Created Permission View: can edit on DAG:example_nested_branch_dag
[2023-08-16T11:50:46.727+0000] {logging_mixin.py:149} INFO - [2023-08-16T11:50:46.727+0000] {dag.py:2726} INFO - Sync 1 DAGs
[2023-08-16T11:50:46.910+0000] {logging_mixin.py:149} INFO - [2023-08-16T11:50:46.910+0000] {dag.py:2747} INFO - Creating ORM DAG for example_nested_branch_dag
[2023-08-16T11:50:47.193+0000] {logging_mixin.py:149} INFO - [2023-08-16T11:50:47.189+0000] {dag.py:3486} INFO - Setting next_dagrun for example_nested_branch_dag to 2023-08-15T00:00:00+00:00, run_after=2023-08-16T00:00:00+00:00
[2023-08-16T11:50:47.440+0000] {processor.py:179} INFO - Processing /home/airflow/.local/lib/python3.10/site-packages/airflow/example_dags/example_nested_branch_dag.py took 3.657 seconds
[2023-08-16T11:58:24.166+0000] {processor.py:157} INFO - Started process (PID=169) to work on /home/airflow/.local/lib/python3.10/site-packages/airflow/example_dags/example_nested_branch_dag.py
[2023-08-16T11:58:24.177+0000] {processor.py:826} INFO - Processing file /home/airflow/.local/lib/python3.10/site-packages/airflow/example_dags/example_nested_branch_dag.py for tasks to queue
[2023-08-16T11:58:24.183+0000] {logging_mixin.py:149} INFO - [2023-08-16T11:58:24.183+0000] {dagbag.py:541} INFO - Filling up the DagBag from /home/airflow/.local/lib/python3.10/site-packages/airflow/example_dags/example_nested_branch_dag.py
[2023-08-16T11:58:24.308+0000] {processor.py:836} INFO - DAG(s) dict_keys(['example_nested_branch_dag']) retrieved from /home/airflow/.local/lib/python3.10/site-packages/airflow/example_dags/example_nested_branch_dag.py
[2023-08-16T11:58:24.553+0000] {logging_mixin.py:149} INFO - [2023-08-16T11:58:24.552+0000] {dag.py:2726} INFO - Sync 1 DAGs
[2023-08-16T11:58:25.130+0000] {logging_mixin.py:149} INFO - [2023-08-16T11:58:25.130+0000] {dag.py:3486} INFO - Setting next_dagrun for example_nested_branch_dag to 2023-08-15T00:00:00+00:00, run_after=2023-08-16T00:00:00+00:00
[2023-08-16T11:58:25.269+0000] {processor.py:179} INFO - Processing /home/airflow/.local/lib/python3.10/site-packages/airflow/example_dags/example_nested_branch_dag.py took 1.118 seconds
[2023-08-16T11:59:20.274+0000] {processor.py:157} INFO - Started process (PID=220) to work on /home/airflow/.local/lib/python3.10/site-packages/airflow/example_dags/example_nested_branch_dag.py
[2023-08-16T11:59:20.347+0000] {processor.py:826} INFO - Processing file /home/airflow/.local/lib/python3.10/site-packages/airflow/example_dags/example_nested_branch_dag.py for tasks to queue
[2023-08-16T11:59:20.364+0000] {logging_mixin.py:149} INFO - [2023-08-16T11:59:20.364+0000] {dagbag.py:541} INFO - Filling up the DagBag from /home/airflow/.local/lib/python3.10/site-packages/airflow/example_dags/example_nested_branch_dag.py
[2023-08-16T11:59:21.028+0000] {processor.py:836} INFO - DAG(s) dict_keys(['example_nested_branch_dag']) retrieved from /home/airflow/.local/lib/python3.10/site-packages/airflow/example_dags/example_nested_branch_dag.py
[2023-08-16T11:59:21.475+0000] {logging_mixin.py:149} INFO - [2023-08-16T11:59:21.474+0000] {dag.py:2726} INFO - Sync 1 DAGs
[2023-08-16T11:59:22.072+0000] {logging_mixin.py:149} INFO - [2023-08-16T11:59:22.071+0000] {dag.py:3486} INFO - Setting next_dagrun for example_nested_branch_dag to 2023-08-15T00:00:00+00:00, run_after=2023-08-16T00:00:00+00:00
[2023-08-16T11:59:22.331+0000] {processor.py:179} INFO - Processing /home/airflow/.local/lib/python3.10/site-packages/airflow/example_dags/example_nested_branch_dag.py took 2.218 seconds
