[2023-08-16T11:50:38.916+0000] {processor.py:157} INFO - Started process (PID=71) to work on /home/airflow/.local/lib/python3.10/site-packages/airflow/example_dags/example_time_delta_sensor_async.py
[2023-08-16T11:50:38.955+0000] {processor.py:826} INFO - Processing file /home/airflow/.local/lib/python3.10/site-packages/airflow/example_dags/example_time_delta_sensor_async.py for tasks to queue
[2023-08-16T11:50:38.975+0000] {logging_mixin.py:149} INFO - [2023-08-16T11:50:38.974+0000] {dagbag.py:541} INFO - Filling up the DagBag from /home/airflow/.local/lib/python3.10/site-packages/airflow/example_dags/example_time_delta_sensor_async.py
[2023-08-16T11:50:39.141+0000] {processor.py:836} INFO - DAG(s) dict_keys(['example_time_delta_sensor_async']) retrieved from /home/airflow/.local/lib/python3.10/site-packages/airflow/example_dags/example_time_delta_sensor_async.py
[2023-08-16T11:50:42.617+0000] {logging_mixin.py:149} INFO - [2023-08-16T11:50:42.617+0000] {manager.py:504} INFO - Created Permission View: can read on DAG:example_time_delta_sensor_async
[2023-08-16T11:50:42.764+0000] {logging_mixin.py:149} INFO - [2023-08-16T11:50:42.763+0000] {manager.py:504} INFO - Created Permission View: can delete on DAG:example_time_delta_sensor_async
[2023-08-16T11:50:42.920+0000] {logging_mixin.py:149} INFO - [2023-08-16T11:50:42.919+0000] {manager.py:504} INFO - Created Permission View: can edit on DAG:example_time_delta_sensor_async
[2023-08-16T11:50:42.969+0000] {logging_mixin.py:149} INFO - [2023-08-16T11:50:42.969+0000] {dag.py:2726} INFO - Sync 1 DAGs
[2023-08-16T11:50:43.128+0000] {logging_mixin.py:149} INFO - [2023-08-16T11:50:43.128+0000] {dag.py:2747} INFO - Creating ORM DAG for example_time_delta_sensor_async
[2023-08-16T11:50:43.294+0000] {logging_mixin.py:149} INFO - [2023-08-16T11:50:43.291+0000] {dag.py:3486} INFO - Setting next_dagrun for example_time_delta_sensor_async to None, run_after=None
[2023-08-16T11:50:43.470+0000] {processor.py:179} INFO - Processing /home/airflow/.local/lib/python3.10/site-packages/airflow/example_dags/example_time_delta_sensor_async.py took 4.603 seconds
[2023-08-16T11:58:23.983+0000] {processor.py:157} INFO - Started process (PID=168) to work on /home/airflow/.local/lib/python3.10/site-packages/airflow/example_dags/example_time_delta_sensor_async.py
[2023-08-16T11:58:24.030+0000] {processor.py:826} INFO - Processing file /home/airflow/.local/lib/python3.10/site-packages/airflow/example_dags/example_time_delta_sensor_async.py for tasks to queue
[2023-08-16T11:58:24.050+0000] {logging_mixin.py:149} INFO - [2023-08-16T11:58:24.050+0000] {dagbag.py:541} INFO - Filling up the DagBag from /home/airflow/.local/lib/python3.10/site-packages/airflow/example_dags/example_time_delta_sensor_async.py
[2023-08-16T11:58:24.129+0000] {processor.py:836} INFO - DAG(s) dict_keys(['example_time_delta_sensor_async']) retrieved from /home/airflow/.local/lib/python3.10/site-packages/airflow/example_dags/example_time_delta_sensor_async.py
[2023-08-16T11:58:24.332+0000] {logging_mixin.py:149} INFO - [2023-08-16T11:58:24.332+0000] {dag.py:2726} INFO - Sync 1 DAGs
[2023-08-16T11:58:24.583+0000] {logging_mixin.py:149} INFO - [2023-08-16T11:58:24.583+0000] {dag.py:3486} INFO - Setting next_dagrun for example_time_delta_sensor_async to None, run_after=None
[2023-08-16T11:58:25.020+0000] {processor.py:179} INFO - Processing /home/airflow/.local/lib/python3.10/site-packages/airflow/example_dags/example_time_delta_sensor_async.py took 1.092 seconds
[2023-08-16T11:59:17.641+0000] {processor.py:157} INFO - Started process (PID=219) to work on /home/airflow/.local/lib/python3.10/site-packages/airflow/example_dags/example_time_delta_sensor_async.py
[2023-08-16T11:59:17.674+0000] {processor.py:826} INFO - Processing file /home/airflow/.local/lib/python3.10/site-packages/airflow/example_dags/example_time_delta_sensor_async.py for tasks to queue
[2023-08-16T11:59:17.681+0000] {logging_mixin.py:149} INFO - [2023-08-16T11:59:17.680+0000] {dagbag.py:541} INFO - Filling up the DagBag from /home/airflow/.local/lib/python3.10/site-packages/airflow/example_dags/example_time_delta_sensor_async.py
[2023-08-16T11:59:17.829+0000] {processor.py:836} INFO - DAG(s) dict_keys(['example_time_delta_sensor_async']) retrieved from /home/airflow/.local/lib/python3.10/site-packages/airflow/example_dags/example_time_delta_sensor_async.py
[2023-08-16T11:59:18.341+0000] {logging_mixin.py:149} INFO - [2023-08-16T11:59:18.341+0000] {dag.py:2726} INFO - Sync 1 DAGs
[2023-08-16T11:59:18.929+0000] {logging_mixin.py:149} INFO - [2023-08-16T11:59:18.929+0000] {dag.py:3486} INFO - Setting next_dagrun for example_time_delta_sensor_async to None, run_after=None
[2023-08-16T11:59:19.651+0000] {processor.py:179} INFO - Processing /home/airflow/.local/lib/python3.10/site-packages/airflow/example_dags/example_time_delta_sensor_async.py took 2.360 seconds
