[2023-08-16T11:51:36.760+0000] {processor.py:157} INFO - Started process (PID=113) to work on /home/airflow/.local/lib/python3.10/site-packages/airflow/example_dags/example_xcomargs.py
[2023-08-16T11:51:36.775+0000] {processor.py:826} INFO - Processing file /home/airflow/.local/lib/python3.10/site-packages/airflow/example_dags/example_xcomargs.py for tasks to queue
[2023-08-16T11:51:36.779+0000] {logging_mixin.py:149} INFO - [2023-08-16T11:51:36.778+0000] {dagbag.py:541} INFO - Filling up the DagBag from /home/airflow/.local/lib/python3.10/site-packages/airflow/example_dags/example_xcomargs.py
[2023-08-16T11:51:36.912+0000] {processor.py:836} INFO - DAG(s) dict_keys(['example_xcom_args', 'example_xcom_args_with_operators']) retrieved from /home/airflow/.local/lib/python3.10/site-packages/airflow/example_dags/example_xcomargs.py
[2023-08-16T11:51:41.537+0000] {logging_mixin.py:149} INFO - [2023-08-16T11:51:41.533+0000] {manager.py:504} INFO - Created Permission View: can read on DAG:example_xcom_args
[2023-08-16T11:51:42.087+0000] {logging_mixin.py:149} INFO - [2023-08-16T11:51:42.086+0000] {manager.py:504} INFO - Created Permission View: can delete on DAG:example_xcom_args
[2023-08-16T11:51:42.125+0000] {logging_mixin.py:149} INFO - [2023-08-16T11:51:42.124+0000] {manager.py:504} INFO - Created Permission View: can edit on DAG:example_xcom_args
[2023-08-16T11:51:42.501+0000] {logging_mixin.py:149} INFO - [2023-08-16T11:51:42.493+0000] {manager.py:504} INFO - Created Permission View: can read on DAG:example_xcom_args_with_operators
[2023-08-16T11:51:42.667+0000] {logging_mixin.py:149} INFO - [2023-08-16T11:51:42.667+0000] {manager.py:504} INFO - Created Permission View: can delete on DAG:example_xcom_args_with_operators
[2023-08-16T11:51:42.829+0000] {logging_mixin.py:149} INFO - [2023-08-16T11:51:42.829+0000] {manager.py:504} INFO - Created Permission View: can edit on DAG:example_xcom_args_with_operators
[2023-08-16T11:51:43.000+0000] {logging_mixin.py:149} INFO - [2023-08-16T11:51:43.000+0000] {dag.py:2726} INFO - Sync 2 DAGs
[2023-08-16T11:51:43.382+0000] {logging_mixin.py:149} INFO - [2023-08-16T11:51:43.375+0000] {dag.py:2747} INFO - Creating ORM DAG for example_xcom_args
[2023-08-16T11:51:43.400+0000] {logging_mixin.py:149} INFO - [2023-08-16T11:51:43.391+0000] {dag.py:2747} INFO - Creating ORM DAG for example_xcom_args_with_operators
[2023-08-16T11:51:43.512+0000] {logging_mixin.py:149} INFO - [2023-08-16T11:51:43.510+0000] {dag.py:3486} INFO - Setting next_dagrun for example_xcom_args to None, run_after=None
[2023-08-16T11:51:43.527+0000] {logging_mixin.py:149} INFO - [2023-08-16T11:51:43.523+0000] {dag.py:3486} INFO - Setting next_dagrun for example_xcom_args_with_operators to None, run_after=None
[2023-08-16T11:51:43.772+0000] {processor.py:179} INFO - Processing /home/airflow/.local/lib/python3.10/site-packages/airflow/example_dags/example_xcomargs.py took 7.051 seconds
[2023-08-16T11:58:55.922+0000] {processor.py:157} INFO - Started process (PID=204) to work on /home/airflow/.local/lib/python3.10/site-packages/airflow/example_dags/example_xcomargs.py
[2023-08-16T11:58:55.953+0000] {processor.py:826} INFO - Processing file /home/airflow/.local/lib/python3.10/site-packages/airflow/example_dags/example_xcomargs.py for tasks to queue
[2023-08-16T11:58:55.987+0000] {logging_mixin.py:149} INFO - [2023-08-16T11:58:55.986+0000] {dagbag.py:541} INFO - Filling up the DagBag from /home/airflow/.local/lib/python3.10/site-packages/airflow/example_dags/example_xcomargs.py
[2023-08-16T11:58:56.161+0000] {processor.py:836} INFO - DAG(s) dict_keys(['example_xcom_args', 'example_xcom_args_with_operators']) retrieved from /home/airflow/.local/lib/python3.10/site-packages/airflow/example_dags/example_xcomargs.py
[2023-08-16T11:58:56.409+0000] {logging_mixin.py:149} INFO - [2023-08-16T11:58:56.408+0000] {dag.py:2726} INFO - Sync 2 DAGs
[2023-08-16T11:58:56.772+0000] {logging_mixin.py:149} INFO - [2023-08-16T11:58:56.771+0000] {dag.py:3486} INFO - Setting next_dagrun for example_xcom_args to None, run_after=None
[2023-08-16T11:58:56.849+0000] {logging_mixin.py:149} INFO - [2023-08-16T11:58:56.843+0000] {dag.py:3486} INFO - Setting next_dagrun for example_xcom_args_with_operators to None, run_after=None
[2023-08-16T11:58:57.231+0000] {processor.py:179} INFO - Processing /home/airflow/.local/lib/python3.10/site-packages/airflow/example_dags/example_xcomargs.py took 1.390 seconds
