[2023-08-16T11:50:47.863+0000] {processor.py:157} INFO - Started process (PID=73) to work on /home/airflow/.local/lib/python3.10/site-packages/airflow/example_dags/example_branch_day_of_week_operator.py
[2023-08-16T11:50:47.877+0000] {processor.py:826} INFO - Processing file /home/airflow/.local/lib/python3.10/site-packages/airflow/example_dags/example_branch_day_of_week_operator.py for tasks to queue
[2023-08-16T11:50:47.880+0000] {logging_mixin.py:149} INFO - [2023-08-16T11:50:47.880+0000] {dagbag.py:541} INFO - Filling up the DagBag from /home/airflow/.local/lib/python3.10/site-packages/airflow/example_dags/example_branch_day_of_week_operator.py
[2023-08-16T11:50:47.999+0000] {processor.py:836} INFO - DAG(s) dict_keys(['example_weekday_branch_operator']) retrieved from /home/airflow/.local/lib/python3.10/site-packages/airflow/example_dags/example_branch_day_of_week_operator.py
[2023-08-16T11:50:48.500+0000] {logging_mixin.py:149} INFO - [2023-08-16T11:50:48.500+0000] {manager.py:504} INFO - Created Permission View: can read on DAG:example_weekday_branch_operator
[2023-08-16T11:50:48.555+0000] {logging_mixin.py:149} INFO - [2023-08-16T11:50:48.555+0000] {manager.py:504} INFO - Created Permission View: can delete on DAG:example_weekday_branch_operator
[2023-08-16T11:50:48.590+0000] {logging_mixin.py:149} INFO - [2023-08-16T11:50:48.589+0000] {manager.py:504} INFO - Created Permission View: can edit on DAG:example_weekday_branch_operator
[2023-08-16T11:50:48.643+0000] {logging_mixin.py:149} INFO - [2023-08-16T11:50:48.642+0000] {dag.py:2726} INFO - Sync 1 DAGs
[2023-08-16T11:50:48.696+0000] {logging_mixin.py:149} INFO - [2023-08-16T11:50:48.696+0000] {dag.py:2747} INFO - Creating ORM DAG for example_weekday_branch_operator
[2023-08-16T11:50:48.770+0000] {logging_mixin.py:149} INFO - [2023-08-16T11:50:48.770+0000] {dag.py:3486} INFO - Setting next_dagrun for example_weekday_branch_operator to 2023-08-15T00:00:00+00:00, run_after=2023-08-16T00:00:00+00:00
[2023-08-16T11:50:48.874+0000] {processor.py:179} INFO - Processing /home/airflow/.local/lib/python3.10/site-packages/airflow/example_dags/example_branch_day_of_week_operator.py took 1.058 seconds
[2023-08-16T11:58:25.433+0000] {processor.py:157} INFO - Started process (PID=170) to work on /home/airflow/.local/lib/python3.10/site-packages/airflow/example_dags/example_branch_day_of_week_operator.py
[2023-08-16T11:58:25.452+0000] {processor.py:826} INFO - Processing file /home/airflow/.local/lib/python3.10/site-packages/airflow/example_dags/example_branch_day_of_week_operator.py for tasks to queue
[2023-08-16T11:58:25.465+0000] {logging_mixin.py:149} INFO - [2023-08-16T11:58:25.462+0000] {dagbag.py:541} INFO - Filling up the DagBag from /home/airflow/.local/lib/python3.10/site-packages/airflow/example_dags/example_branch_day_of_week_operator.py
[2023-08-16T11:58:25.577+0000] {processor.py:836} INFO - DAG(s) dict_keys(['example_weekday_branch_operator']) retrieved from /home/airflow/.local/lib/python3.10/site-packages/airflow/example_dags/example_branch_day_of_week_operator.py
[2023-08-16T11:58:25.850+0000] {logging_mixin.py:149} INFO - [2023-08-16T11:58:25.849+0000] {dag.py:2726} INFO - Sync 1 DAGs
[2023-08-16T11:58:26.268+0000] {logging_mixin.py:149} INFO - [2023-08-16T11:58:26.268+0000] {dag.py:3486} INFO - Setting next_dagrun for example_weekday_branch_operator to 2023-08-15T00:00:00+00:00, run_after=2023-08-16T00:00:00+00:00
[2023-08-16T11:58:26.442+0000] {processor.py:179} INFO - Processing /home/airflow/.local/lib/python3.10/site-packages/airflow/example_dags/example_branch_day_of_week_operator.py took 1.056 seconds
[2023-08-16T11:59:22.813+0000] {processor.py:157} INFO - Started process (PID=221) to work on /home/airflow/.local/lib/python3.10/site-packages/airflow/example_dags/example_branch_day_of_week_operator.py
[2023-08-16T11:59:22.827+0000] {processor.py:826} INFO - Processing file /home/airflow/.local/lib/python3.10/site-packages/airflow/example_dags/example_branch_day_of_week_operator.py for tasks to queue
[2023-08-16T11:59:22.843+0000] {logging_mixin.py:149} INFO - [2023-08-16T11:59:22.843+0000] {dagbag.py:541} INFO - Filling up the DagBag from /home/airflow/.local/lib/python3.10/site-packages/airflow/example_dags/example_branch_day_of_week_operator.py
[2023-08-16T11:59:22.962+0000] {processor.py:836} INFO - DAG(s) dict_keys(['example_weekday_branch_operator']) retrieved from /home/airflow/.local/lib/python3.10/site-packages/airflow/example_dags/example_branch_day_of_week_operator.py
[2023-08-16T11:59:23.116+0000] {logging_mixin.py:149} INFO - [2023-08-16T11:59:23.115+0000] {dag.py:2726} INFO - Sync 1 DAGs
[2023-08-16T11:59:23.253+0000] {logging_mixin.py:149} INFO - [2023-08-16T11:59:23.253+0000] {dag.py:3486} INFO - Setting next_dagrun for example_weekday_branch_operator to 2023-08-15T00:00:00+00:00, run_after=2023-08-16T00:00:00+00:00
[2023-08-16T11:59:23.622+0000] {processor.py:179} INFO - Processing /home/airflow/.local/lib/python3.10/site-packages/airflow/example_dags/example_branch_day_of_week_operator.py took 0.828 seconds
