[2023-08-16T11:50:30.302+0000] {processor.py:157} INFO - Started process (PID=61) to work on /home/airflow/.local/lib/python3.10/site-packages/airflow/example_dags/example_local_kubernetes_executor.py
[2023-08-16T11:50:30.326+0000] {processor.py:826} INFO - Processing file /home/airflow/.local/lib/python3.10/site-packages/airflow/example_dags/example_local_kubernetes_executor.py for tasks to queue
[2023-08-16T11:50:30.358+0000] {logging_mixin.py:149} INFO - [2023-08-16T11:50:30.356+0000] {dagbag.py:541} INFO - Filling up the DagBag from /home/airflow/.local/lib/python3.10/site-packages/airflow/example_dags/example_local_kubernetes_executor.py
[2023-08-16T11:50:58.389+0000] {processor.py:836} INFO - DAG(s) dict_keys(['example_local_kubernetes_executor']) retrieved from /home/airflow/.local/lib/python3.10/site-packages/airflow/example_dags/example_local_kubernetes_executor.py
[2023-08-16T11:51:00.481+0000] {logging_mixin.py:149} INFO - [2023-08-16T11:51:00.481+0000] {manager.py:504} INFO - Created Permission View: can read on DAG:example_local_kubernetes_executor
[2023-08-16T11:51:00.613+0000] {logging_mixin.py:149} INFO - [2023-08-16T11:51:00.613+0000] {manager.py:504} INFO - Created Permission View: can delete on DAG:example_local_kubernetes_executor
[2023-08-16T11:51:00.684+0000] {logging_mixin.py:149} INFO - [2023-08-16T11:51:00.683+0000] {manager.py:504} INFO - Created Permission View: can edit on DAG:example_local_kubernetes_executor
[2023-08-16T11:51:00.778+0000] {logging_mixin.py:149} INFO - [2023-08-16T11:51:00.774+0000] {dag.py:2726} INFO - Sync 1 DAGs
[2023-08-16T11:51:00.855+0000] {logging_mixin.py:149} INFO - [2023-08-16T11:51:00.855+0000] {dag.py:2747} INFO - Creating ORM DAG for example_local_kubernetes_executor
[2023-08-16T11:51:01.008+0000] {logging_mixin.py:149} INFO - [2023-08-16T11:51:01.008+0000] {dag.py:3486} INFO - Setting next_dagrun for example_local_kubernetes_executor to None, run_after=None
[2023-08-16T11:51:01.273+0000] {processor.py:179} INFO - Processing /home/airflow/.local/lib/python3.10/site-packages/airflow/example_dags/example_local_kubernetes_executor.py took 31.029 seconds
[2023-08-16T11:57:53.375+0000] {processor.py:157} INFO - Started process (PID=156) to work on /home/airflow/.local/lib/python3.10/site-packages/airflow/example_dags/example_local_kubernetes_executor.py
[2023-08-16T11:57:53.399+0000] {processor.py:826} INFO - Processing file /home/airflow/.local/lib/python3.10/site-packages/airflow/example_dags/example_local_kubernetes_executor.py for tasks to queue
[2023-08-16T11:57:53.424+0000] {logging_mixin.py:149} INFO - [2023-08-16T11:57:53.424+0000] {dagbag.py:541} INFO - Filling up the DagBag from /home/airflow/.local/lib/python3.10/site-packages/airflow/example_dags/example_local_kubernetes_executor.py
[2023-08-16T11:58:20.312+0000] {processor.py:836} INFO - DAG(s) dict_keys(['example_local_kubernetes_executor']) retrieved from /home/airflow/.local/lib/python3.10/site-packages/airflow/example_dags/example_local_kubernetes_executor.py
[2023-08-16T11:58:20.830+0000] {logging_mixin.py:149} INFO - [2023-08-16T11:58:20.830+0000] {dag.py:2726} INFO - Sync 1 DAGs
[2023-08-16T11:58:21.235+0000] {logging_mixin.py:149} INFO - [2023-08-16T11:58:21.234+0000] {dag.py:3486} INFO - Setting next_dagrun for example_local_kubernetes_executor to None, run_after=None
[2023-08-16T11:58:21.708+0000] {processor.py:179} INFO - Processing /home/airflow/.local/lib/python3.10/site-packages/airflow/example_dags/example_local_kubernetes_executor.py took 28.425 seconds
[2023-08-16T11:59:03.620+0000] {processor.py:157} INFO - Started process (PID=209) to work on /home/airflow/.local/lib/python3.10/site-packages/airflow/example_dags/example_local_kubernetes_executor.py
[2023-08-16T11:59:03.637+0000] {processor.py:826} INFO - Processing file /home/airflow/.local/lib/python3.10/site-packages/airflow/example_dags/example_local_kubernetes_executor.py for tasks to queue
[2023-08-16T11:59:03.664+0000] {logging_mixin.py:149} INFO - [2023-08-16T11:59:03.657+0000] {dagbag.py:541} INFO - Filling up the DagBag from /home/airflow/.local/lib/python3.10/site-packages/airflow/example_dags/example_local_kubernetes_executor.py
