[2023-08-16T11:50:49.210+0000] {processor.py:157} INFO - Started process (PID=74) to work on /home/airflow/.local/lib/python3.10/site-packages/airflow/example_dags/example_dag_decorator.py
[2023-08-16T11:50:49.218+0000] {processor.py:826} INFO - Processing file /home/airflow/.local/lib/python3.10/site-packages/airflow/example_dags/example_dag_decorator.py for tasks to queue
[2023-08-16T11:50:49.226+0000] {logging_mixin.py:149} INFO - [2023-08-16T11:50:49.226+0000] {dagbag.py:541} INFO - Filling up the DagBag from /home/airflow/.local/lib/python3.10/site-packages/airflow/example_dags/example_dag_decorator.py
[2023-08-16T11:50:49.436+0000] {processor.py:836} INFO - DAG(s) dict_keys(['example_dag_decorator']) retrieved from /home/airflow/.local/lib/python3.10/site-packages/airflow/example_dags/example_dag_decorator.py
[2023-08-16T11:50:51.095+0000] {logging_mixin.py:149} INFO - [2023-08-16T11:50:51.095+0000] {manager.py:504} INFO - Created Permission View: can read on DAG:example_dag_decorator
[2023-08-16T11:50:51.376+0000] {logging_mixin.py:149} INFO - [2023-08-16T11:50:51.376+0000] {manager.py:504} INFO - Created Permission View: can delete on DAG:example_dag_decorator
[2023-08-16T11:50:51.548+0000] {logging_mixin.py:149} INFO - [2023-08-16T11:50:51.548+0000] {manager.py:504} INFO - Created Permission View: can edit on DAG:example_dag_decorator
[2023-08-16T11:50:51.627+0000] {logging_mixin.py:149} INFO - [2023-08-16T11:50:51.627+0000] {dag.py:2726} INFO - Sync 1 DAGs
[2023-08-16T11:50:51.990+0000] {logging_mixin.py:149} INFO - [2023-08-16T11:50:51.990+0000] {dag.py:2747} INFO - Creating ORM DAG for example_dag_decorator
[2023-08-16T11:50:52.096+0000] {logging_mixin.py:149} INFO - [2023-08-16T11:50:52.095+0000] {dag.py:3486} INFO - Setting next_dagrun for example_dag_decorator to None, run_after=None
[2023-08-16T11:50:52.234+0000] {processor.py:179} INFO - Processing /home/airflow/.local/lib/python3.10/site-packages/airflow/example_dags/example_dag_decorator.py took 3.065 seconds
[2023-08-16T11:58:25.488+0000] {processor.py:157} INFO - Started process (PID=171) to work on /home/airflow/.local/lib/python3.10/site-packages/airflow/example_dags/example_dag_decorator.py
[2023-08-16T11:58:25.502+0000] {processor.py:826} INFO - Processing file /home/airflow/.local/lib/python3.10/site-packages/airflow/example_dags/example_dag_decorator.py for tasks to queue
[2023-08-16T11:58:25.505+0000] {logging_mixin.py:149} INFO - [2023-08-16T11:58:25.504+0000] {dagbag.py:541} INFO - Filling up the DagBag from /home/airflow/.local/lib/python3.10/site-packages/airflow/example_dags/example_dag_decorator.py
[2023-08-16T11:58:25.698+0000] {processor.py:836} INFO - DAG(s) dict_keys(['example_dag_decorator']) retrieved from /home/airflow/.local/lib/python3.10/site-packages/airflow/example_dags/example_dag_decorator.py
[2023-08-16T11:58:27.734+0000] {logging_mixin.py:149} INFO - [2023-08-16T11:58:27.722+0000] {dag.py:2726} INFO - Sync 1 DAGs
[2023-08-16T11:58:27.944+0000] {logging_mixin.py:149} INFO - [2023-08-16T11:58:27.944+0000] {dag.py:3486} INFO - Setting next_dagrun for example_dag_decorator to None, run_after=None
[2023-08-16T11:58:28.050+0000] {processor.py:179} INFO - Processing /home/airflow/.local/lib/python3.10/site-packages/airflow/example_dags/example_dag_decorator.py took 2.598 seconds
[2023-08-16T11:59:24.111+0000] {processor.py:157} INFO - Started process (PID=222) to work on /home/airflow/.local/lib/python3.10/site-packages/airflow/example_dags/example_dag_decorator.py
[2023-08-16T11:59:24.126+0000] {processor.py:826} INFO - Processing file /home/airflow/.local/lib/python3.10/site-packages/airflow/example_dags/example_dag_decorator.py for tasks to queue
[2023-08-16T11:59:24.130+0000] {logging_mixin.py:149} INFO - [2023-08-16T11:59:24.129+0000] {dagbag.py:541} INFO - Filling up the DagBag from /home/airflow/.local/lib/python3.10/site-packages/airflow/example_dags/example_dag_decorator.py
[2023-08-16T11:59:25.759+0000] {processor.py:836} INFO - DAG(s) dict_keys(['example_dag_decorator']) retrieved from /home/airflow/.local/lib/python3.10/site-packages/airflow/example_dags/example_dag_decorator.py
[2023-08-16T11:59:27.928+0000] {logging_mixin.py:149} INFO - [2023-08-16T11:59:27.927+0000] {dag.py:2726} INFO - Sync 1 DAGs
[2023-08-16T11:59:27.995+0000] {logging_mixin.py:149} INFO - [2023-08-16T11:59:27.995+0000] {dag.py:3486} INFO - Setting next_dagrun for example_dag_decorator to None, run_after=None
[2023-08-16T11:59:28.073+0000] {processor.py:179} INFO - Processing /home/airflow/.local/lib/python3.10/site-packages/airflow/example_dags/example_dag_decorator.py took 3.984 seconds
