[2023-08-16T11:50:31.929+0000] {processor.py:157} INFO - Started process (PID=70) to work on /home/airflow/.local/lib/python3.10/site-packages/airflow/example_dags/tutorial_taskflow_api.py
[2023-08-16T11:50:31.937+0000] {processor.py:826} INFO - Processing file /home/airflow/.local/lib/python3.10/site-packages/airflow/example_dags/tutorial_taskflow_api.py for tasks to queue
[2023-08-16T11:50:31.946+0000] {logging_mixin.py:149} INFO - [2023-08-16T11:50:31.945+0000] {dagbag.py:541} INFO - Filling up the DagBag from /home/airflow/.local/lib/python3.10/site-packages/airflow/example_dags/tutorial_taskflow_api.py
[2023-08-16T11:50:32.132+0000] {processor.py:836} INFO - DAG(s) dict_keys(['tutorial_taskflow_api']) retrieved from /home/airflow/.local/lib/python3.10/site-packages/airflow/example_dags/tutorial_taskflow_api.py
[2023-08-16T11:50:37.402+0000] {logging_mixin.py:149} INFO - [2023-08-16T11:50:37.396+0000] {manager.py:504} INFO - Created Permission View: can read on DAG:tutorial_taskflow_api
[2023-08-16T11:50:37.507+0000] {logging_mixin.py:149} INFO - [2023-08-16T11:50:37.507+0000] {manager.py:504} INFO - Created Permission View: can delete on DAG:tutorial_taskflow_api
[2023-08-16T11:50:37.607+0000] {logging_mixin.py:149} INFO - [2023-08-16T11:50:37.607+0000] {manager.py:504} INFO - Created Permission View: can edit on DAG:tutorial_taskflow_api
[2023-08-16T11:50:37.824+0000] {logging_mixin.py:149} INFO - [2023-08-16T11:50:37.816+0000] {dag.py:2726} INFO - Sync 1 DAGs
[2023-08-16T11:50:37.946+0000] {logging_mixin.py:149} INFO - [2023-08-16T11:50:37.945+0000] {dag.py:2747} INFO - Creating ORM DAG for tutorial_taskflow_api
[2023-08-16T11:50:38.206+0000] {logging_mixin.py:149} INFO - [2023-08-16T11:50:38.206+0000] {dag.py:3486} INFO - Setting next_dagrun for tutorial_taskflow_api to None, run_after=None
[2023-08-16T11:50:38.531+0000] {processor.py:179} INFO - Processing /home/airflow/.local/lib/python3.10/site-packages/airflow/example_dags/tutorial_taskflow_api.py took 6.661 seconds
[2023-08-16T11:58:22.909+0000] {processor.py:157} INFO - Started process (PID=167) to work on /home/airflow/.local/lib/python3.10/site-packages/airflow/example_dags/tutorial_taskflow_api.py
[2023-08-16T11:58:22.929+0000] {processor.py:826} INFO - Processing file /home/airflow/.local/lib/python3.10/site-packages/airflow/example_dags/tutorial_taskflow_api.py for tasks to queue
[2023-08-16T11:58:22.939+0000] {logging_mixin.py:149} INFO - [2023-08-16T11:58:22.938+0000] {dagbag.py:541} INFO - Filling up the DagBag from /home/airflow/.local/lib/python3.10/site-packages/airflow/example_dags/tutorial_taskflow_api.py
[2023-08-16T11:58:23.065+0000] {processor.py:836} INFO - DAG(s) dict_keys(['tutorial_taskflow_api']) retrieved from /home/airflow/.local/lib/python3.10/site-packages/airflow/example_dags/tutorial_taskflow_api.py
[2023-08-16T11:58:23.614+0000] {logging_mixin.py:149} INFO - [2023-08-16T11:58:23.613+0000] {dag.py:2726} INFO - Sync 1 DAGs
[2023-08-16T11:58:23.756+0000] {logging_mixin.py:149} INFO - [2023-08-16T11:58:23.756+0000] {dag.py:3486} INFO - Setting next_dagrun for tutorial_taskflow_api to None, run_after=None
[2023-08-16T11:58:23.955+0000] {processor.py:179} INFO - Processing /home/airflow/.local/lib/python3.10/site-packages/airflow/example_dags/tutorial_taskflow_api.py took 1.103 seconds
[2023-08-16T11:59:14.179+0000] {processor.py:157} INFO - Started process (PID=218) to work on /home/airflow/.local/lib/python3.10/site-packages/airflow/example_dags/tutorial_taskflow_api.py
[2023-08-16T11:59:14.288+0000] {processor.py:826} INFO - Processing file /home/airflow/.local/lib/python3.10/site-packages/airflow/example_dags/tutorial_taskflow_api.py for tasks to queue
[2023-08-16T11:59:14.353+0000] {logging_mixin.py:149} INFO - [2023-08-16T11:59:14.353+0000] {dagbag.py:541} INFO - Filling up the DagBag from /home/airflow/.local/lib/python3.10/site-packages/airflow/example_dags/tutorial_taskflow_api.py
[2023-08-16T11:59:14.864+0000] {processor.py:836} INFO - DAG(s) dict_keys(['tutorial_taskflow_api']) retrieved from /home/airflow/.local/lib/python3.10/site-packages/airflow/example_dags/tutorial_taskflow_api.py
[2023-08-16T11:59:15.605+0000] {logging_mixin.py:149} INFO - [2023-08-16T11:59:15.603+0000] {dag.py:2726} INFO - Sync 1 DAGs
[2023-08-16T11:59:16.476+0000] {logging_mixin.py:149} INFO - [2023-08-16T11:59:16.476+0000] {dag.py:3486} INFO - Setting next_dagrun for tutorial_taskflow_api to None, run_after=None
[2023-08-16T11:59:16.925+0000] {processor.py:179} INFO - Processing /home/airflow/.local/lib/python3.10/site-packages/airflow/example_dags/tutorial_taskflow_api.py took 2.813 seconds
